#
# There is insufficient memory for the Java Runtime Environment to continue.
# Native memory allocation (malloc) failed to allocate 1572656 bytes. Error detail: Chunk::new
# Possible reasons:
#   The system is out of physical RAM or swap space
#   This process is running with CompressedOops enabled, and the Java Heap may be blocking the growth of the native heap
# Possible solutions:
#   Reduce memory load on the system
#   Increase physical memory or swap space
#   Check if swap backing store is full
#   Decrease Java heap size (-Xmx/-Xms)
#   Decrease number of Java threads
#   Decrease Java thread stack sizes (-Xss)
#   Set larger code cache with -XX:ReservedCodeCacheSize=
#   JVM is running with Unscaled Compressed Oops mode in which the Java heap is
#     placed in the first 4GB address space. The Java Heap base address is the
#     maximum limit for the native heap growth. Please use -XX:HeapBaseMinAddress
#     to set the Java Heap base and to place the Java Heap above 4GB virtual address.
# This output file may be truncated or incomplete.
#
#  Out of Memory Error (arena.cpp:168), pid=17880, tid=18868
#
# JRE version: OpenJDK Runtime Environment Temurin-21.0.8+9 (21.0.8+9) (build 21.0.8+9-LTS)
# Java VM: OpenJDK 64-Bit Server VM Temurin-21.0.8+9 (21.0.8+9-LTS, mixed mode, sharing, tiered, compressed oops, compressed class ptrs, parallel gc, windows-amd64)
# No core dump will be written. Minidumps are not enabled by default on client versions of Windows
#

---------------  S U M M A R Y ------------

Command Line: --add-modules=ALL-SYSTEM --add-opens=java.base/java.util=ALL-UNNAMED --add-opens=java.base/java.lang=ALL-UNNAMED --add-opens=java.base/sun.nio.fs=ALL-UNNAMED -Declipse.application=org.eclipse.jdt.ls.core.id1 -Dosgi.bundles.defaultStartLevel=4 -Declipse.product=org.eclipse.jdt.ls.core.product -Djava.import.generatesMetadataFilesAtProjectRoot=false -DDetectVMInstallationsJob.disabled=true -Dfile.encoding=utf8 -XX:+UseParallelGC -XX:GCTimeRatio=4 -XX:AdaptiveSizePolicyWeight=90 -Dsun.zip.disableMemoryMapping=true -Xmx2G -Xms100m -Xlog:disable -javaagent:c:\Users\MyBook Hype AMD\.vscode\extensions\redhat.java-1.46.0-win32-x64\lombok\lombok-1.18.39-4050.jar -XX:+HeapDumpOnOutOfMemoryError -XX:HeapDumpPath=c:\Users\MyBook Hype AMD\AppData\Roaming\Code\User\workspaceStorage\dfb97b31f6dd9656776869df2afc24b7\redhat.java -Daether.dependencyCollector.impl=bf c:\Users\MyBook Hype AMD\.vscode\extensions\redhat.java-1.46.0-win32-x64\server\plugins\org.eclipse.equinox.launcher_1.7.0.v20250519-0528.jar -configuration c:\Users\MyBook Hype AMD\AppData\Roaming\Code\User\globalStorage\redhat.java\1.46.0\config_win -data c:\Users\MyBook Hype AMD\AppData\Roaming\Code\User\workspaceStorage\dfb97b31f6dd9656776869df2afc24b7\redhat.java\jdt_ws --pipe=\\.\pipe\lsp-ef44ef3f25d898466cc8cedd6b74826b-sock

Host: AMD Ryzen 5 5500U with Radeon Graphics         , 12 cores, 7G,  Windows 11 , 64 bit Build 26100 (10.0.26100.6725)
Time: Wed Oct  8 01:08:32 2025 SE Asia Standard Time elapsed time: 18.097288 seconds (0d 0h 0m 18s)

---------------  T H R E A D  ---------------

Current thread (0x0000018bd81d8350):  JavaThread "C2 CompilerThread1" daemon [_thread_in_native, id=18868, stack(0x0000006598300000,0x0000006598400000) (1024K)]


Current CompileTask:
C2:18097 4231       4       org.lombokweb.asm.ClassReader::readMethod (1070 bytes)

Stack: [0x0000006598300000,0x0000006598400000]
Native frames: (J=compiled Java code, j=interpreted, Vv=VM code, C=native code)
V  [jvm.dll+0x6d2449]
V  [jvm.dll+0x8ae341]
V  [jvm.dll+0x8b08be]
V  [jvm.dll+0x8b0fa3]
V  [jvm.dll+0x280c96]
V  [jvm.dll+0xc581d]
V  [jvm.dll+0xc5d53]
V  [jvm.dll+0x3b9162]
V  [jvm.dll+0x385315]
V  [jvm.dll+0x38477a]
V  [jvm.dll+0x248ed0]
V  [jvm.dll+0x2484af]
V  [jvm.dll+0x1c89ee]
V  [jvm.dll+0x257d4d]
V  [jvm.dll+0x2562ea]
V  [jvm.dll+0x3f2d16]
V  [jvm.dll+0x857e6b]
V  [jvm.dll+0x6d0b0d]
C  [ucrtbase.dll+0x37b0]
C  [KERNEL32.DLL+0x2e8d7]
C  [ntdll.dll+0x8c53c]


---------------  P R O C E S S  ---------------

Threads class SMR info:
_java_thread_list=0x0000018bd962b020, length=28, elements={
0x0000018bf65bc620, 0x0000018b8f5f69d0, 0x0000018b8f5f76e0, 0x0000018bf89e7c10,
0x0000018bf89e8660, 0x0000018bf89e90b0, 0x0000018bf89e9b00, 0x0000018bf89ea930,
0x0000018bd1b201e0, 0x0000018bd1ba78b0, 0x0000018bd1deb820, 0x0000018bd73c9220,
0x0000018bd76a9f40, 0x0000018bd76634e0, 0x0000018bd72859e0, 0x0000018bd7ce6330,
0x0000018bd7d338e0, 0x0000018bd7ea1a80, 0x0000018bd7388d20, 0x0000018bd746bb80,
0x0000018bd7468d90, 0x0000018bd7469ab0, 0x0000018bd81d8350, 0x0000018bd8654e90,
0x0000018bd746a140, 0x0000018bd746a7d0, 0x0000018bd746ae60, 0x0000018bd746c210
}

Java Threads: ( => current thread )
  0x0000018bf65bc620 JavaThread "main"                              [_thread_in_native, id=21060, stack(0x0000006596100000,0x0000006596200000) (1024K)]
  0x0000018b8f5f69d0 JavaThread "Reference Handler"          daemon [_thread_blocked, id=800, stack(0x0000006596500000,0x0000006596600000) (1024K)]
  0x0000018b8f5f76e0 JavaThread "Finalizer"                  daemon [_thread_blocked, id=19228, stack(0x0000006596600000,0x0000006596700000) (1024K)]
  0x0000018bf89e7c10 JavaThread "Signal Dispatcher"          daemon [_thread_blocked, id=22896, stack(0x0000006596700000,0x0000006596800000) (1024K)]
  0x0000018bf89e8660 JavaThread "Attach Listener"            daemon [_thread_blocked, id=18884, stack(0x0000006596800000,0x0000006596900000) (1024K)]
  0x0000018bf89e90b0 JavaThread "Service Thread"             daemon [_thread_blocked, id=3856, stack(0x0000006596900000,0x0000006596a00000) (1024K)]
  0x0000018bf89e9b00 JavaThread "Monitor Deflation Thread"   daemon [_thread_blocked, id=24572, stack(0x0000006596a00000,0x0000006596b00000) (1024K)]
  0x0000018bf89ea930 JavaThread "C2 CompilerThread0"         daemon [_thread_in_native, id=8716, stack(0x0000006596b00000,0x0000006596c00000) (1024K)]
  0x0000018bd1b201e0 JavaThread "C1 CompilerThread0"         daemon [_thread_blocked, id=22024, stack(0x0000006596c00000,0x0000006596d00000) (1024K)]
  0x0000018bd1ba78b0 JavaThread "Common-Cleaner"             daemon [_thread_blocked, id=19556, stack(0x0000006596d00000,0x0000006596e00000) (1024K)]
  0x0000018bd1deb820 JavaThread "Notification Thread"        daemon [_thread_blocked, id=21300, stack(0x0000006596e00000,0x0000006596f00000) (1024K)]
  0x0000018bd73c9220 JavaThread "Active Thread: Equinox Container: 1a59b173-1108-4dc5-bb6e-77c2ca325978"        [_thread_blocked, id=15532, stack(0x0000006597600000,0x0000006597700000) (1024K)]
  0x0000018bd76a9f40 JavaThread "Refresh Thread: Equinox Container: 1a59b173-1108-4dc5-bb6e-77c2ca325978" daemon [_thread_blocked, id=2196, stack(0x0000006597800000,0x0000006597900000) (1024K)]
  0x0000018bd76634e0 JavaThread "Framework Event Dispatcher: Equinox Container: 1a59b173-1108-4dc5-bb6e-77c2ca325978" daemon [_thread_blocked, id=22764, stack(0x0000006597900000,0x0000006597a00000) (1024K)]
  0x0000018bd72859e0 JavaThread "Start Level: Equinox Container: 1a59b173-1108-4dc5-bb6e-77c2ca325978" daemon [_thread_blocked, id=15536, stack(0x0000006597a00000,0x0000006597b00000) (1024K)]
  0x0000018bd7ce6330 JavaThread "Bundle File Closer"         daemon [_thread_blocked, id=14072, stack(0x0000006597d00000,0x0000006597e00000) (1024K)]
  0x0000018bd7d338e0 JavaThread "SCR Component Actor"        daemon [_thread_blocked, id=5696, stack(0x0000006597e00000,0x0000006597f00000) (1024K)]
  0x0000018bd7ea1a80 JavaThread "Worker-JM"                         [_thread_blocked, id=22148, stack(0x0000006597f00000,0x0000006598000000) (1024K)]
  0x0000018bd7388d20 JavaThread "JNA Cleaner"                daemon [_thread_blocked, id=21416, stack(0x0000006596f00000,0x0000006597000000) (1024K)]
  0x0000018bd746bb80 JavaThread "Worker-0: Repository registry initialization"        [_thread_in_vm, id=2428, stack(0x0000006598000000,0x0000006598100000) (1024K)]
  0x0000018bd7468d90 JavaThread "Worker-1"                          [_thread_blocked, id=11028, stack(0x0000006598100000,0x0000006598200000) (1024K)]
  0x0000018bd7469ab0 JavaThread "Worker-2: Building"                [_thread_in_native, id=9404, stack(0x0000006598200000,0x0000006598300000) (1024K)]
=>0x0000018bd81d8350 JavaThread "C2 CompilerThread1"         daemon [_thread_in_native, id=18868, stack(0x0000006598300000,0x0000006598400000) (1024K)]
  0x0000018bd8654e90 JavaThread "C2 CompilerThread2"         daemon [_thread_in_native, id=15476, stack(0x0000006598400000,0x0000006598500000) (1024K)]
  0x0000018bd746a140 JavaThread "Java indexing"              daemon [_thread_blocked, id=17540, stack(0x0000006598500000,0x0000006598600000) (1024K)]
  0x0000018bd746a7d0 JavaThread "Worker-3: Loading available Gradle versions"        [_thread_in_vm, id=23408, stack(0x0000006598600000,0x0000006598700000) (1024K)]
  0x0000018bd746ae60 JavaThread "Worker-4: Initialize After Load"        [_thread_in_Java, id=22804, stack(0x0000006598700000,0x0000006598800000) (1024K)]
  0x0000018bd746c210 JavaThread "Worker-5"                          [_thread_blocked, id=3688, stack(0x0000006598b00000,0x0000006598c00000) (1024K)]
Total: 28

Other Threads:
  0x0000018b8f5e4b20 VMThread "VM Thread"                           [id=21080, stack(0x0000006596400000,0x0000006596500000) (1024K)]
  0x0000018b8f4dc0c0 WatcherThread "VM Periodic Task Thread"        [id=23256, stack(0x0000006596300000,0x0000006596400000) (1024K)]
  0x0000018bf895c2d0 WorkerThread "GC Thread#0"                     [id=22180, stack(0x0000006596200000,0x0000006596300000) (1024K)]
  0x0000018bd74025d0 WorkerThread "GC Thread#1"                     [id=24096, stack(0x0000006597000000,0x0000006597100000) (1024K)]
  0x0000018bd7402230 WorkerThread "GC Thread#2"                     [id=20864, stack(0x0000006597100000,0x0000006597200000) (1024K)]
  0x0000018bd7402d10 WorkerThread "GC Thread#3"                     [id=16340, stack(0x0000006597200000,0x0000006597300000) (1024K)]
  0x0000018bd7403450 WorkerThread "GC Thread#4"                     [id=22716, stack(0x0000006597300000,0x0000006597400000) (1024K)]
  0x0000018bd7403b90 WorkerThread "GC Thread#5"                     [id=676, stack(0x0000006597400000,0x0000006597500000) (1024K)]
  0x0000018bd7402970 WorkerThread "GC Thread#6"                     [id=16676, stack(0x0000006597500000,0x0000006597600000) (1024K)]
  0x0000018bd74037f0 WorkerThread "GC Thread#7"                     [id=19116, stack(0x0000006597700000,0x0000006597800000) (1024K)]
  0x0000018bd7c14860 WorkerThread "GC Thread#8"                     [id=4316, stack(0x0000006597b00000,0x0000006597c00000) (1024K)]
  0x0000018bd7c12f00 WorkerThread "GC Thread#9"                     [id=18244, stack(0x0000006597c00000,0x0000006597d00000) (1024K)]
Total: 12

Threads with active compile tasks:
C2 CompilerThread0  18139 4554       4       java.lang.String$CaseInsensitiveComparator::compare (13 bytes)
C1 CompilerThread0  18139 4707       3       org.objectweb.asm.MethodWriter::visitFieldInsn (258 bytes)
C2 CompilerThread1  18139 4231       4       org.lombokweb.asm.ClassReader::readMethod (1070 bytes)
C2 CompilerThread2  18140 4562   !   4       org.eclipse.osgi.internal.loader.classpath.ClasspathManager::findClassImpl (343 bytes)
Total: 4

VM state: not at safepoint (normal execution)

VM Mutex/Monitor currently owned by a thread: None

Heap address: 0x0000000080000000, size: 2048 MB, Compressed Oops mode: 32-bit

CDS archive(s) mapped at: [0x0000018b90000000-0x0000018b90ba0000-0x0000018b90ba0000), size 12189696, SharedBaseAddress: 0x0000018b90000000, ArchiveRelocationMode: 1.
Compressed class space mapped at: 0x0000018b91000000-0x0000018bd1000000, reserved size: 1073741824
Narrow klass base: 0x0000018b90000000, Narrow klass shift: 0, Narrow klass range: 0x100000000

GC Precious Log:
 CardTable entry size: 512
 CPUs: 12 total, 12 available
 Memory: 7560M
 Large Page Support: Disabled
 NUMA Support: Disabled
 Compressed Oops: Enabled (32-bit)
 Alignments: Space 512K, Generation 512K, Heap 2M
 Heap Min Capacity: 100M
 Heap Initial Capacity: 100M
 Heap Max Capacity: 2G
 Pre-touch: Disabled
 Parallel Workers: 10

Heap:
 PSYoungGen      total 25088K, used 24983K [0x00000000d5580000, 0x00000000d7100000, 0x0000000100000000)
  eden space 23040K, 100% used [0x00000000d5580000,0x00000000d6c00000,0x00000000d6c00000)
  from space 2048K, 94% used [0x00000000d6d80000,0x00000000d6f65e38,0x00000000d6f80000)
  to   space 1536K, 0% used [0x00000000d6f80000,0x00000000d6f80000,0x00000000d7100000)
 ParOldGen       total 68608K, used 16320K [0x0000000080000000, 0x0000000084300000, 0x00000000d5580000)
  object space 68608K, 23% used [0x0000000080000000,0x0000000080ff0390,0x0000000084300000)
 Metaspace       used 34052K, committed 35200K, reserved 1114112K
  class space    used 3497K, committed 4032K, reserved 1048576K

Card table byte_map: [0x0000018bf82e0000,0x0000018bf86f0000] _byte_map_base: 0x0000018bf7ee0000

Marking Bits: (ParMarkBitMap*) 0x00007ffe7145a340
 Begin Bits: [0x0000018bfbde0000, 0x0000018bfdde0000)
 End Bits:   [0x0000018bfdde0000, 0x0000018bffde0000)

Polling page: 0x0000018bf6b70000

Metaspace:

Usage:
  Non-class:     29.84 MB used.
      Class:      3.42 MB used.
       Both:     33.25 MB used.

Virtual space:
  Non-class space:       64.00 MB reserved,      30.44 MB ( 48%) committed,  1 nodes.
      Class space:        1.00 GB reserved,       3.94 MB ( <1%) committed,  1 nodes.
             Both:        1.06 GB reserved,      34.38 MB (  3%) committed. 

Chunk freelists:
   Non-Class:  1.57 MB
       Class:  12.03 MB
        Both:  13.60 MB

MaxMetaspaceSize: unlimited
CompressedClassSpaceSize: 1.00 GB
Initial GC threshold: 21.00 MB
Current GC threshold: 35.00 MB
CDS: on
 - commit_granule_bytes: 65536.
 - commit_granule_words: 8192.
 - virtual_space_node_default_size: 8388608.
 - enlarge_chunks_in_place: 1.
 - use_allocation_guard: 0.


Internal statistics:

num_allocs_failed_limit: 5.
num_arena_births: 882.
num_arena_deaths: 14.
num_vsnodes_births: 2.
num_vsnodes_deaths: 0.
num_space_committed: 550.
num_space_uncommitted: 0.
num_chunks_returned_to_freelist: 19.
num_chunks_taken_from_freelist: 2391.
num_chunk_merges: 4.
num_chunk_splits: 1451.
num_chunks_enlarged: 822.
num_inconsistent_stats: 0.

CodeHeap 'non-profiled nmethods': size=120000Kb used=2263Kb max_used=2263Kb free=117736Kb
 bounds [0x0000018b87ad0000, 0x0000018b87d40000, 0x0000018b8f000000]
CodeHeap 'profiled nmethods': size=120000Kb used=9784Kb max_used=9784Kb free=110215Kb
 bounds [0x0000018b80000000, 0x0000018b80990000, 0x0000018b87530000]
CodeHeap 'non-nmethods': size=5760Kb used=1347Kb max_used=1380Kb free=4412Kb
 bounds [0x0000018b87530000, 0x0000018b877a0000, 0x0000018b87ad0000]
CodeCache: size=245760Kb, used=13394Kb, max_used=13427Kb, free=232363Kb
 total_blobs=5337, nmethods=4695, adapters=548, full_count=0
Compilation: enabled, stopped_count=0, restarted_count=0

Compilation events (20 events):
Event: 17.058 Thread 0x0000018bf89ea930 4598       4       java.util.TreeMap::addEntry (59 bytes)
Event: 17.058 Thread 0x0000018bd1b201e0 4687   !   3       org.eclipse.osgi.container.ModuleDatabase::getWiring (31 bytes)
Event: 17.060 Thread 0x0000018bd8654e90 nmethod 4655 0x0000018b87d01690 code [0x0000018b87d01820, 0x0000018b87d01900]
Event: 17.061 Thread 0x0000018bd1b201e0 nmethod 4687 0x0000018b8096f190 code [0x0000018b8096f400, 0x0000018b8096fd70]
Event: 17.061 Thread 0x0000018bd8654e90 4601       4       java.util.TreeMap::putIfAbsent (8 bytes)
Event: 17.061 Thread 0x0000018bd1b201e0 4685       3       java.lang.StringConcatHelper::prepend (22 bytes)
Event: 17.062 Thread 0x0000018bd1b201e0 nmethod 4685 0x0000018b80970210 code [0x0000018b809703c0, 0x0000018b80970548]
Event: 17.062 Thread 0x0000018bd1b201e0 4688       3       java.util.concurrent.ConcurrentHashMap::containsKey (14 bytes)
Event: 17.062 Thread 0x0000018bd1b201e0 nmethod 4688 0x0000018b80970610 code [0x0000018b809707c0, 0x0000018b809709d0]
Event: 17.062 Thread 0x0000018bd1b201e0 4683   !   3       org.eclipse.osgi.container.Module::$SWITCH_TABLE$org$eclipse$osgi$container$ModuleContainerAdaptor$ModuleEvent (157 bytes)
Event: 17.063 Thread 0x0000018bd1b201e0 nmethod 4683 0x0000018b80970a90 code [0x0000018b80970ca0, 0x0000018b80971348]
Event: 17.064 Thread 0x0000018bd1b201e0 4690       3       java.util.Properties::load0 (249 bytes)
Event: 17.065 Thread 0x0000018bd1b201e0 nmethod 4690 0x0000018b80971610 code [0x0000018b80971860, 0x0000018b809721e0]
Event: 17.065 Thread 0x0000018bd1b201e0 4689       3       java.lang.invoke.DelegatingMethodHandle$Holder::reinvoke_L (20 bytes)
Event: 17.066 Thread 0x0000018bd1b201e0 nmethod 4689 0x0000018b80972510 code [0x0000018b809726e0, 0x0000018b80972ae0]
Event: 17.074 Thread 0x0000018bd1b201e0 4692       3       java.util.concurrent.atomic.AtomicInteger::decrementAndGet (14 bytes)
Event: 17.074 Thread 0x0000018bd1b201e0 nmethod 4692 0x0000018b80972c10 code [0x0000018b80972da0, 0x0000018b80972ec0]
Event: 17.075 Thread 0x0000018bd1b201e0 4693   !   3       org.eclipse.osgi.internal.framework.EquinoxBundle::adapt0 (939 bytes)
Event: 17.085 Thread 0x0000018bf89ea930 nmethod 4598 0x0000018b87d01e10 code [0x0000018b87d01fe0, 0x0000018b87d025b0]
Event: 17.087 Thread 0x0000018bf89ea930 4654       4       java.io.ObjectInputStream$PeekInputStream::peek (49 bytes)

GC Heap History (20 events):
Event: 3.332 GC heap before
{Heap before GC invocations=3 (full 0):
 PSYoungGen      total 29696K, used 29678K [0x00000000d5580000, 0x00000000d7680000, 0x0000000100000000)
  eden space 25600K, 99% used [0x00000000d5580000,0x00000000d6e7e418,0x00000000d6e80000)
  from space 4096K, 99% used [0x00000000d7280000,0x00000000d767d790,0x00000000d7680000)
  to   space 4096K, 0% used [0x00000000d6e80000,0x00000000d6e80000,0x00000000d7280000)
 ParOldGen       total 68608K, used 1735K [0x0000000080000000, 0x0000000084300000, 0x00000000d5580000)
  object space 68608K, 2% used [0x0000000080000000,0x00000000801b1f18,0x0000000084300000)
 Metaspace       used 9447K, committed 9728K, reserved 1114112K
  class space    used 1005K, committed 1152K, reserved 1048576K
}
Event: 3.343 GC heap after
{Heap after GC invocations=3 (full 0):
 PSYoungGen      total 29696K, used 4089K [0x00000000d5580000, 0x00000000d7680000, 0x0000000100000000)
  eden space 25600K, 0% used [0x00000000d5580000,0x00000000d5580000,0x00000000d6e80000)
  from space 4096K, 99% used [0x00000000d6e80000,0x00000000d727e5e0,0x00000000d7280000)
  to   space 4096K, 0% used [0x00000000d7280000,0x00000000d7280000,0x00000000d7680000)
 ParOldGen       total 68608K, used 4508K [0x0000000080000000, 0x0000000084300000, 0x00000000d5580000)
  object space 68608K, 6% used [0x0000000080000000,0x0000000080467298,0x0000000084300000)
 Metaspace       used 9447K, committed 9728K, reserved 1114112K
  class space    used 1005K, committed 1152K, reserved 1048576K
}
Event: 4.263 GC heap before
{Heap before GC invocations=4 (full 0):
 PSYoungGen      total 29696K, used 29689K [0x00000000d5580000, 0x00000000d7680000, 0x0000000100000000)
  eden space 25600K, 100% used [0x00000000d5580000,0x00000000d6e80000,0x00000000d6e80000)
  from space 4096K, 99% used [0x00000000d6e80000,0x00000000d727e5e0,0x00000000d7280000)
  to   space 4096K, 0% used [0x00000000d7280000,0x00000000d7280000,0x00000000d7680000)
 ParOldGen       total 68608K, used 4508K [0x0000000080000000, 0x0000000084300000, 0x00000000d5580000)
  object space 68608K, 6% used [0x0000000080000000,0x0000000080467298,0x0000000084300000)
 Metaspace       used 12008K, committed 12352K, reserved 1114112K
  class space    used 1283K, committed 1472K, reserved 1048576K
}
Event: 4.274 GC heap after
{Heap after GC invocations=4 (full 0):
 PSYoungGen      total 29696K, used 4067K [0x00000000d5580000, 0x00000000d7680000, 0x0000000100000000)
  eden space 25600K, 0% used [0x00000000d5580000,0x00000000d5580000,0x00000000d6e80000)
  from space 4096K, 99% used [0x00000000d7280000,0x00000000d7678e48,0x00000000d7680000)
  to   space 4096K, 0% used [0x00000000d6e80000,0x00000000d6e80000,0x00000000d7280000)
 ParOldGen       total 68608K, used 6361K [0x0000000080000000, 0x0000000084300000, 0x00000000d5580000)
  object space 68608K, 9% used [0x0000000080000000,0x0000000080636750,0x0000000084300000)
 Metaspace       used 12008K, committed 12352K, reserved 1114112K
  class space    used 1283K, committed 1472K, reserved 1048576K
}
Event: 6.228 GC heap before
{Heap before GC invocations=5 (full 0):
 PSYoungGen      total 29696K, used 29667K [0x00000000d5580000, 0x00000000d7680000, 0x0000000100000000)
  eden space 25600K, 100% used [0x00000000d5580000,0x00000000d6e80000,0x00000000d6e80000)
  from space 4096K, 99% used [0x00000000d7280000,0x00000000d7678e48,0x00000000d7680000)
  to   space 4096K, 0% used [0x00000000d6e80000,0x00000000d6e80000,0x00000000d7280000)
 ParOldGen       total 68608K, used 6361K [0x0000000080000000, 0x0000000084300000, 0x00000000d5580000)
  object space 68608K, 9% used [0x0000000080000000,0x0000000080636750,0x0000000084300000)
 Metaspace       used 15872K, committed 16448K, reserved 1114112K
  class space    used 1644K, committed 1920K, reserved 1048576K
}
Event: 8.246 GC heap after
{Heap after GC invocations=5 (full 0):
 PSYoungGen      total 29696K, used 4070K [0x00000000d5580000, 0x00000000d7680000, 0x0000000100000000)
  eden space 25600K, 0% used [0x00000000d5580000,0x00000000d5580000,0x00000000d6e80000)
  from space 4096K, 99% used [0x00000000d6e80000,0x00000000d7279a28,0x00000000d7280000)
  to   space 4096K, 0% used [0x00000000d7280000,0x00000000d7280000,0x00000000d7680000)
 ParOldGen       total 68608K, used 8204K [0x0000000080000000, 0x0000000084300000, 0x00000000d5580000)
  object space 68608K, 11% used [0x0000000080000000,0x0000000080803010,0x0000000084300000)
 Metaspace       used 15872K, committed 16448K, reserved 1114112K
  class space    used 1644K, committed 1920K, reserved 1048576K
}
Event: 13.106 GC heap before
{Heap before GC invocations=6 (full 0):
 PSYoungGen      total 29696K, used 29670K [0x00000000d5580000, 0x00000000d7680000, 0x0000000100000000)
  eden space 25600K, 100% used [0x00000000d5580000,0x00000000d6e80000,0x00000000d6e80000)
  from space 4096K, 99% used [0x00000000d6e80000,0x00000000d7279a28,0x00000000d7280000)
  to   space 4096K, 0% used [0x00000000d7280000,0x00000000d7280000,0x00000000d7680000)
 ParOldGen       total 68608K, used 8204K [0x0000000080000000, 0x0000000084300000, 0x00000000d5580000)
  object space 68608K, 11% used [0x0000000080000000,0x0000000080803010,0x0000000084300000)
 Metaspace       used 18885K, committed 19712K, reserved 1114112K
  class space    used 1992K, committed 2368K, reserved 1048576K
}
Event: 15.122 GC heap after
{Heap after GC invocations=6 (full 0):
 PSYoungGen      total 29696K, used 4088K [0x00000000d5580000, 0x00000000d7680000, 0x0000000100000000)
  eden space 25600K, 0% used [0x00000000d5580000,0x00000000d5580000,0x00000000d6e80000)
  from space 4096K, 99% used [0x00000000d7280000,0x00000000d767e228,0x00000000d7680000)
  to   space 4096K, 0% used [0x00000000d6e80000,0x00000000d6e80000,0x00000000d7280000)
 ParOldGen       total 68608K, used 8556K [0x0000000080000000, 0x0000000084300000, 0x00000000d5580000)
  object space 68608K, 12% used [0x0000000080000000,0x000000008085b010,0x0000000084300000)
 Metaspace       used 18885K, committed 19712K, reserved 1114112K
  class space    used 1992K, committed 2368K, reserved 1048576K
}
Event: 15.448 GC heap before
{Heap before GC invocations=7 (full 0):
 PSYoungGen      total 29696K, used 20327K [0x00000000d5580000, 0x00000000d7680000, 0x0000000100000000)
  eden space 25600K, 63% used [0x00000000d5580000,0x00000000d655bba8,0x00000000d6e80000)
  from space 4096K, 99% used [0x00000000d7280000,0x00000000d767e228,0x00000000d7680000)
  to   space 4096K, 0% used [0x00000000d6e80000,0x00000000d6e80000,0x00000000d7280000)
 ParOldGen       total 68608K, used 8556K [0x0000000080000000, 0x0000000084300000, 0x00000000d5580000)
  object space 68608K, 12% used [0x0000000080000000,0x000000008085b010,0x0000000084300000)
 Metaspace       used 20543K, committed 21504K, reserved 1114112K
  class space    used 2200K, committed 2624K, reserved 1048576K
}
Event: 15.455 GC heap after
{Heap after GC invocations=7 (full 0):
 PSYoungGen      total 28672K, used 3479K [0x00000000d5580000, 0x00000000d7600000, 0x0000000100000000)
  eden space 25088K, 0% used [0x00000000d5580000,0x00000000d5580000,0x00000000d6e00000)
  from space 3584K, 97% used [0x00000000d6e80000,0x00000000d71e5d38,0x00000000d7200000)
  to   space 4096K, 0% used [0x00000000d7200000,0x00000000d7200000,0x00000000d7600000)
 ParOldGen       total 68608K, used 10188K [0x0000000080000000, 0x0000000084300000, 0x00000000d5580000)
  object space 68608K, 14% used [0x0000000080000000,0x00000000809f32e0,0x0000000084300000)
 Metaspace       used 20543K, committed 21504K, reserved 1114112K
  class space    used 2200K, committed 2624K, reserved 1048576K
}
Event: 15.455 GC heap before
{Heap before GC invocations=8 (full 1):
 PSYoungGen      total 28672K, used 3479K [0x00000000d5580000, 0x00000000d7600000, 0x0000000100000000)
  eden space 25088K, 0% used [0x00000000d5580000,0x00000000d5580000,0x00000000d6e00000)
  from space 3584K, 97% used [0x00000000d6e80000,0x00000000d71e5d38,0x00000000d7200000)
  to   space 4096K, 0% used [0x00000000d7200000,0x00000000d7200000,0x00000000d7600000)
 ParOldGen       total 68608K, used 10188K [0x0000000080000000, 0x0000000084300000, 0x00000000d5580000)
  object space 68608K, 14% used [0x0000000080000000,0x00000000809f32e0,0x0000000084300000)
 Metaspace       used 20543K, committed 21504K, reserved 1114112K
  class space    used 2200K, committed 2624K, reserved 1048576K
}
Event: 15.502 GC heap after
{Heap after GC invocations=8 (full 1):
 PSYoungGen      total 28672K, used 0K [0x00000000d5580000, 0x00000000d7600000, 0x0000000100000000)
  eden space 25088K, 0% used [0x00000000d5580000,0x00000000d5580000,0x00000000d6e00000)
  from space 3584K, 0% used [0x00000000d6e80000,0x00000000d6e80000,0x00000000d7200000)
  to   space 4096K, 0% used [0x00000000d7200000,0x00000000d7200000,0x00000000d7600000)
 ParOldGen       total 68608K, used 12960K [0x0000000080000000, 0x0000000084300000, 0x00000000d5580000)
  object space 68608K, 18% used [0x0000000080000000,0x0000000080ca8278,0x0000000084300000)
 Metaspace       used 20530K, committed 21504K, reserved 1114112K
  class space    used 2196K, committed 2624K, reserved 1048576K
}
Event: 15.845 GC heap before
{Heap before GC invocations=9 (full 1):
 PSYoungGen      total 28672K, used 25088K [0x00000000d5580000, 0x00000000d7600000, 0x0000000100000000)
  eden space 25088K, 100% used [0x00000000d5580000,0x00000000d6e00000,0x00000000d6e00000)
  from space 3584K, 0% used [0x00000000d6e80000,0x00000000d6e80000,0x00000000d7200000)
  to   space 4096K, 0% used [0x00000000d7200000,0x00000000d7200000,0x00000000d7600000)
 ParOldGen       total 68608K, used 12960K [0x0000000080000000, 0x0000000084300000, 0x00000000d5580000)
  object space 68608K, 18% used [0x0000000080000000,0x0000000080ca8278,0x0000000084300000)
 Metaspace       used 22429K, committed 23296K, reserved 1114112K
  class space    used 2366K, committed 2752K, reserved 1048576K
}
Event: 15.847 GC heap after
{Heap after GC invocations=9 (full 1):
 PSYoungGen      total 27136K, used 2126K [0x00000000d5580000, 0x00000000d7480000, 0x0000000100000000)
  eden space 24576K, 0% used [0x00000000d5580000,0x00000000d5580000,0x00000000d6d80000)
  from space 2560K, 83% used [0x00000000d7200000,0x00000000d7413aa0,0x00000000d7480000)
  to   space 3072K, 0% used [0x00000000d6e80000,0x00000000d6e80000,0x00000000d7180000)
 ParOldGen       total 68608K, used 12968K [0x0000000080000000, 0x0000000084300000, 0x00000000d5580000)
  object space 68608K, 18% used [0x0000000080000000,0x0000000080caa278,0x0000000084300000)
 Metaspace       used 22429K, committed 23296K, reserved 1114112K
  class space    used 2366K, committed 2752K, reserved 1048576K
}
Event: 16.185 GC heap before
{Heap before GC invocations=10 (full 1):
 PSYoungGen      total 27136K, used 26702K [0x00000000d5580000, 0x00000000d7480000, 0x0000000100000000)
  eden space 24576K, 100% used [0x00000000d5580000,0x00000000d6d80000,0x00000000d6d80000)
  from space 2560K, 83% used [0x00000000d7200000,0x00000000d7413aa0,0x00000000d7480000)
  to   space 3072K, 0% used [0x00000000d6e80000,0x00000000d6e80000,0x00000000d7180000)
 ParOldGen       total 68608K, used 12968K [0x0000000080000000, 0x0000000084300000, 0x00000000d5580000)
  object space 68608K, 18% used [0x0000000080000000,0x0000000080caa278,0x0000000084300000)
 Metaspace       used 26268K, committed 27200K, reserved 1114112K
  class space    used 2643K, committed 3072K, reserved 1048576K
}
Event: 16.187 GC heap after
{Heap after GC invocations=10 (full 1):
 PSYoungGen      total 25600K, used 1210K [0x00000000d5580000, 0x00000000d7280000, 0x0000000100000000)
  eden space 24064K, 0% used [0x00000000d5580000,0x00000000d5580000,0x00000000d6d00000)
  from space 1536K, 78% used [0x00000000d6e80000,0x00000000d6fae998,0x00000000d7000000)
  to   space 2048K, 0% used [0x00000000d7080000,0x00000000d7080000,0x00000000d7280000)
 ParOldGen       total 68608K, used 12968K [0x0000000080000000, 0x0000000084300000, 0x00000000d5580000)
  object space 68608K, 18% used [0x0000000080000000,0x0000000080caa278,0x0000000084300000)
 Metaspace       used 26268K, committed 27200K, reserved 1114112K
  class space    used 2643K, committed 3072K, reserved 1048576K
}
Event: 16.491 GC heap before
{Heap before GC invocations=11 (full 1):
 PSYoungGen      total 25600K, used 25274K [0x00000000d5580000, 0x00000000d7280000, 0x0000000100000000)
  eden space 24064K, 100% used [0x00000000d5580000,0x00000000d6d00000,0x00000000d6d00000)
  from space 1536K, 78% used [0x00000000d6e80000,0x00000000d6fae998,0x00000000d7000000)
  to   space 2048K, 0% used [0x00000000d7080000,0x00000000d7080000,0x00000000d7280000)
 ParOldGen       total 68608K, used 12968K [0x0000000080000000, 0x0000000084300000, 0x00000000d5580000)
  object space 68608K, 18% used [0x0000000080000000,0x0000000080caa278,0x0000000084300000)
 Metaspace       used 28005K, committed 28992K, reserved 1114112K
  class space    used 2774K, committed 3200K, reserved 1048576K
}
Event: 16.494 GC heap after
{Heap after GC invocations=11 (full 1):
 PSYoungGen      total 25600K, used 1947K [0x00000000d5580000, 0x00000000d7280000, 0x0000000100000000)
  eden space 23552K, 0% used [0x00000000d5580000,0x00000000d5580000,0x00000000d6c80000)
  from space 2048K, 95% used [0x00000000d7080000,0x00000000d7266da0,0x00000000d7280000)
  to   space 2560K, 0% used [0x00000000d6d80000,0x00000000d6d80000,0x00000000d7000000)
 ParOldGen       total 68608K, used 14553K [0x0000000080000000, 0x0000000084300000, 0x00000000d5580000)
  object space 68608K, 21% used [0x0000000080000000,0x0000000080e36650,0x0000000084300000)
 Metaspace       used 28005K, committed 28992K, reserved 1114112K
  class space    used 2774K, committed 3200K, reserved 1048576K
}
Event: 16.820 GC heap before
{Heap before GC invocations=12 (full 1):
 PSYoungGen      total 25600K, used 25499K [0x00000000d5580000, 0x00000000d7280000, 0x0000000100000000)
  eden space 23552K, 100% used [0x00000000d5580000,0x00000000d6c80000,0x00000000d6c80000)
  from space 2048K, 95% used [0x00000000d7080000,0x00000000d7266da0,0x00000000d7280000)
  to   space 2560K, 0% used [0x00000000d6d80000,0x00000000d6d80000,0x00000000d7000000)
 ParOldGen       total 68608K, used 14553K [0x0000000080000000, 0x0000000084300000, 0x00000000d5580000)
  object space 68608K, 21% used [0x0000000080000000,0x0000000080e36650,0x0000000084300000)
 Metaspace       used 31115K, committed 32192K, reserved 1114112K
  class space    used 3124K, committed 3584K, reserved 1048576K
}
Event: 16.825 GC heap after
{Heap after GC invocations=12 (full 1):
 PSYoungGen      total 25088K, used 1943K [0x00000000d5580000, 0x00000000d7100000, 0x0000000100000000)
  eden space 23040K, 0% used [0x00000000d5580000,0x00000000d5580000,0x00000000d6c00000)
  from space 2048K, 94% used [0x00000000d6d80000,0x00000000d6f65e38,0x00000000d6f80000)
  to   space 1536K, 0% used [0x00000000d6f80000,0x00000000d6f80000,0x00000000d7100000)
 ParOldGen       total 68608K, used 16320K [0x0000000080000000, 0x0000000084300000, 0x00000000d5580000)
  object space 68608K, 23% used [0x0000000080000000,0x0000000080ff0390,0x0000000084300000)
 Metaspace       used 31115K, committed 32192K, reserved 1114112K
  class space    used 3124K, committed 3584K, reserved 1048576K
}

Dll operation events (10 events):
Event: 0.037 Loaded shared library c:\Users\MyBook Hype AMD\.vscode\extensions\redhat.java-1.46.0-win32-x64\jre\21.0.8-win32-x86_64\bin\java.dll
Event: 0.118 Loaded shared library c:\Users\MyBook Hype AMD\.vscode\extensions\redhat.java-1.46.0-win32-x64\jre\21.0.8-win32-x86_64\bin\zip.dll
Event: 0.405 Loaded shared library C:\Users\MyBook Hype AMD\.vscode\extensions\redhat.java-1.46.0-win32-x64\jre\21.0.8-win32-x86_64\bin\instrument.dll
Event: 0.416 Loaded shared library C:\Users\MyBook Hype AMD\.vscode\extensions\redhat.java-1.46.0-win32-x64\jre\21.0.8-win32-x86_64\bin\net.dll
Event: 0.421 Loaded shared library C:\Users\MyBook Hype AMD\.vscode\extensions\redhat.java-1.46.0-win32-x64\jre\21.0.8-win32-x86_64\bin\nio.dll
Event: 0.427 Loaded shared library C:\Users\MyBook Hype AMD\.vscode\extensions\redhat.java-1.46.0-win32-x64\jre\21.0.8-win32-x86_64\bin\zip.dll
Event: 0.475 Loaded shared library C:\Users\MyBook Hype AMD\.vscode\extensions\redhat.java-1.46.0-win32-x64\jre\21.0.8-win32-x86_64\bin\jimage.dll
Event: 0.720 Loaded shared library c:\Users\MyBook Hype AMD\.vscode\extensions\redhat.java-1.46.0-win32-x64\jre\21.0.8-win32-x86_64\bin\verify.dll
Event: 2.546 Loaded shared library C:\Users\MyBook Hype AMD\AppData\Roaming\Code\User\globalStorage\redhat.java\1.46.0\config_win\org.eclipse.equinox.launcher\org.eclipse.equinox.launcher.win32.win32.x86_64_1.2.1400.v20250801-0854\eclipse_11916.dll
Event: 10.509 Loaded shared library C:\Users\MyBook Hype AMD\AppData\Local\Temp\jna--873495991\jna15968246278681194486.dll

Deoptimization events (20 events):
Event: 16.968 Thread 0x0000018bd72859e0 Uncommon trap: trap_request=0xffffff45 fr.pc=0x0000018b87b66cc4 relative=0x0000000000000124
Event: 16.968 Thread 0x0000018bd72859e0 Uncommon trap: reason=unstable_if action=reinterpret pc=0x0000018b87b66cc4 method=jdk.internal.org.objectweb.asm.SymbolTable.put(Ljdk/internal/org/objectweb/asm/SymbolTable$Entry;)Ljdk/internal/org/objectweb/asm/SymbolTable$Entry; @ 13 c2
Event: 16.968 Thread 0x0000018bd72859e0 DEOPT PACKING pc=0x0000018b87b66cc4 sp=0x0000006597afbb30
Event: 16.968 Thread 0x0000018bd72859e0 DEOPT UNPACKING pc=0x0000018b87583aa2 sp=0x0000006597afba90 mode 2
Event: 16.989 Thread 0x0000018bd72859e0 Uncommon trap: trap_request=0xffffff45 fr.pc=0x0000018b87bfb668 relative=0x0000000000000388
Event: 16.989 Thread 0x0000018bd72859e0 Uncommon trap: reason=unstable_if action=reinterpret pc=0x0000018b87bfb668 method=java.lang.Integer.parseInt(Ljava/lang/String;I)I @ 119 c2
Event: 16.989 Thread 0x0000018bd72859e0 DEOPT PACKING pc=0x0000018b87bfb668 sp=0x0000006597afc9e0
Event: 16.989 Thread 0x0000018bd72859e0 DEOPT UNPACKING pc=0x0000018b87583aa2 sp=0x0000006597afc948 mode 2
Event: 17.057 Thread 0x0000018bd72859e0 Uncommon trap: trap_request=0xffffff45 fr.pc=0x0000018b87cd9614 relative=0x00000000000006d4
Event: 17.057 Thread 0x0000018bd72859e0 Uncommon trap: reason=unstable_if action=reinterpret pc=0x0000018b87cd9614 method=java.util.concurrent.locks.ReentrantReadWriteLock$Sync.tryReleaseShared(I)Z @ 129 c2
Event: 17.057 Thread 0x0000018bd72859e0 DEOPT PACKING pc=0x0000018b87cd9614 sp=0x0000006597afcdc0
Event: 17.057 Thread 0x0000018bd72859e0 DEOPT UNPACKING pc=0x0000018b87583aa2 sp=0x0000006597afcbc8 mode 2
Event: 17.071 Thread 0x0000018bd7469ab0 Uncommon trap: trap_request=0xffffff45 fr.pc=0x0000018b87cda9dc relative=0x000000000000017c
Event: 17.071 Thread 0x0000018bd7469ab0 Uncommon trap: reason=unstable_if action=reinterpret pc=0x0000018b87cda9dc method=java.util.concurrent.locks.ReentrantReadWriteLock$Sync.tryReleaseShared(I)Z @ 129 c2
Event: 17.071 Thread 0x0000018bd7469ab0 DEOPT PACKING pc=0x0000018b87cda9dc sp=0x00000065982fc080
Event: 17.071 Thread 0x0000018bd7469ab0 DEOPT UNPACKING pc=0x0000018b87583aa2 sp=0x00000065982fbff8 mode 2
Event: 17.071 Thread 0x0000018bd72859e0 Uncommon trap: trap_request=0xffffff45 fr.pc=0x0000018b87c9a9c8 relative=0x0000000000000708
Event: 17.071 Thread 0x0000018bd72859e0 Uncommon trap: reason=unstable_if action=reinterpret pc=0x0000018b87c9a9c8 method=java.util.regex.Pattern$BmpCharPropertyGreedy.match(Ljava/util/regex/Matcher;ILjava/lang/CharSequence;)Z @ 12 c2
Event: 17.071 Thread 0x0000018bd72859e0 DEOPT PACKING pc=0x0000018b87c9a9c8 sp=0x0000006597afd1f0
Event: 17.071 Thread 0x0000018bd72859e0 DEOPT UNPACKING pc=0x0000018b87583aa2 sp=0x0000006597afd0b8 mode 2

Classes loaded (20 events):
Event: 17.068 Loading class sun/util/locale/provider/BaseLocaleDataMetaInfo
Event: 17.069 Loading class sun/util/locale/provider/BaseLocaleDataMetaInfo done
Event: 17.071 Loading class sun/util/resources/cldr/TimeZoneNames
Event: 17.072 Loading class sun/util/resources/TimeZoneNamesBundle
Event: 17.072 Loading class sun/util/resources/OpenListResourceBundle
Event: 17.072 Loading class sun/util/resources/OpenListResourceBundle done
Event: 17.072 Loading class sun/util/resources/TimeZoneNamesBundle done
Event: 17.072 Loading class sun/util/resources/cldr/TimeZoneNames done
Event: 17.073 Loading class sun/util/resources/cldr/TimeZoneNames_en
Event: 17.074 Loading class sun/util/resources/cldr/TimeZoneNames_en done
Event: 17.075 Loading class sun/util/resources/cldr/TimeZoneNames_en_US
Event: 17.075 Loading class sun/util/resources/cldr/TimeZoneNames_en_US done
Event: 17.078 Loading class sun/util/cldr/CLDRBaseLocaleDataMetaInfo$TZCanonicalIDMapHolder
Event: 17.079 Loading class sun/util/cldr/CLDRBaseLocaleDataMetaInfo$TZCanonicalIDMapHolder done
Event: 17.083 Loading class sun/util/resources/TimeZoneNames
Event: 17.085 Loading class sun/util/resources/TimeZoneNames done
Event: 17.085 Loading class sun/util/resources/TimeZoneNames_en
Event: 17.085 Loading class sun/util/resources/TimeZoneNames_en done
Event: 17.090 Loading class java/util/concurrent/CompletableFuture
Event: 17.092 Loading class java/util/concurrent/CompletableFuture done

Classes unloaded (7 events):
Event: 15.462 Thread 0x0000018b8f5e4b20 Unloading class 0x0000018b911ac800 'java/lang/invoke/LambdaForm$MH+0x0000018b911ac800'
Event: 15.462 Thread 0x0000018b8f5e4b20 Unloading class 0x0000018b911ac400 'java/lang/invoke/LambdaForm$MH+0x0000018b911ac400'
Event: 15.462 Thread 0x0000018b8f5e4b20 Unloading class 0x0000018b911ac000 'java/lang/invoke/LambdaForm$MH+0x0000018b911ac000'
Event: 15.462 Thread 0x0000018b8f5e4b20 Unloading class 0x0000018b911abc00 'java/lang/invoke/LambdaForm$MH+0x0000018b911abc00'
Event: 15.462 Thread 0x0000018b8f5e4b20 Unloading class 0x0000018b911ab800 'java/lang/invoke/LambdaForm$BMH+0x0000018b911ab800'
Event: 15.462 Thread 0x0000018b8f5e4b20 Unloading class 0x0000018b911ab400 'java/lang/invoke/LambdaForm$DMH+0x0000018b911ab400'
Event: 15.462 Thread 0x0000018b8f5e4b20 Unloading class 0x0000018b911aa400 'java/lang/invoke/LambdaForm$DMH+0x0000018b911aa400'

Classes redefined (0 events):
No events

Internal exceptions (20 events):
Event: 16.813 Thread 0x0000018bd7469ab0 Exception <a 'sun/nio/fs/WindowsException'{0x00000000d6bc4f98}> (0x00000000d6bc4f98) 
thrown [s\src\hotspot\share\prims\jni.cpp, line 520]
Event: 16.815 Thread 0x0000018bd7469ab0 Exception <a 'sun/nio/fs/WindowsException'{0x00000000d6bd3cf8}> (0x00000000d6bd3cf8) 
thrown [s\src\hotspot\share\prims\jni.cpp, line 520]
Event: 16.815 Thread 0x0000018bd7469ab0 Exception <a 'sun/nio/fs/WindowsException'{0x00000000d6bd4860}> (0x00000000d6bd4860) 
thrown [s\src\hotspot\share\prims\jni.cpp, line 520]
Event: 16.816 Thread 0x0000018bd7469ab0 Exception <a 'sun/nio/fs/WindowsException'{0x00000000d6be10d8}> (0x00000000d6be10d8) 
thrown [s\src\hotspot\share\prims\jni.cpp, line 520]
Event: 16.816 Thread 0x0000018bd7469ab0 Exception <a 'sun/nio/fs/WindowsException'{0x00000000d6be19b8}> (0x00000000d6be19b8) 
thrown [s\src\hotspot\share\prims\jni.cpp, line 520]
Event: 16.816 Thread 0x0000018bd7469ab0 Exception <a 'sun/nio/fs/WindowsException'{0x00000000d6be3468}> (0x00000000d6be3468) 
thrown [s\src\hotspot\share\prims\jni.cpp, line 520]
Event: 16.816 Thread 0x0000018bd7469ab0 Exception <a 'sun/nio/fs/WindowsException'{0x00000000d6be3c50}> (0x00000000d6be3c50) 
thrown [s\src\hotspot\share\prims\jni.cpp, line 520]
Event: 16.817 Thread 0x0000018bd7469ab0 Exception <a 'sun/nio/fs/WindowsException'{0x00000000d6bec068}> (0x00000000d6bec068) 
thrown [s\src\hotspot\share\prims\jni.cpp, line 520]
Event: 16.817 Thread 0x0000018bd7469ab0 Exception <a 'sun/nio/fs/WindowsException'{0x00000000d6bec948}> (0x00000000d6bec948) 
thrown [s\src\hotspot\share\prims\jni.cpp, line 520]
Event: 16.838 Thread 0x0000018bd7469ab0 Exception <a 'sun/nio/fs/WindowsException'{0x00000000d5698eb0}> (0x00000000d5698eb0) 
thrown [s\src\hotspot\share\prims\jni.cpp, line 520]
Event: 16.838 Thread 0x0000018bd7469ab0 Exception <a 'sun/nio/fs/WindowsException'{0x00000000d5699698}> (0x00000000d5699698) 
thrown [s\src\hotspot\share\prims\jni.cpp, line 520]
Event: 16.843 Thread 0x0000018bd7469ab0 Exception <a 'sun/nio/fs/WindowsException'{0x00000000d5714e40}> (0x00000000d5714e40) 
thrown [s\src\hotspot\share\prims\jni.cpp, line 520]
Event: 16.844 Thread 0x0000018bd7469ab0 Exception <a 'sun/nio/fs/WindowsException'{0x00000000d5715378}> (0x00000000d5715378) 
thrown [s\src\hotspot\share\prims\jni.cpp, line 520]
Event: 16.851 Thread 0x0000018bd7469ab0 Exception <a 'java/io/FileNotFoundException'{0x00000000d57948f8}> (0x00000000d57948f8) 
thrown [s\src\hotspot\share\prims\jni.cpp, line 520]
Event: 16.919 Thread 0x0000018bd72859e0 Exception <a 'java/io/FileNotFoundException'{0x00000000d5cc17a0}> (0x00000000d5cc17a0) 
thrown [s\src\hotspot\share\prims\jni.cpp, line 520]
Event: 16.977 Thread 0x0000018bd72859e0 Exception <a 'java/lang/UnsatisfiedLinkError'{0x00000000d60522f0}: The specified procedure could not be found.
> (0x00000000d60522f0) 
thrown [s\src\hotspot\share\prims\jni.cpp, line 539]
Event: 16.988 Thread 0x0000018bd72859e0 Exception <a 'java/io/FileNotFoundException'{0x00000000d6069f70}> (0x00000000d6069f70) 
thrown [s\src\hotspot\share\prims\jni.cpp, line 520]
Event: 17.012 Thread 0x0000018bd72859e0 Exception <a 'java/io/FileNotFoundException'{0x00000000d61b3e30}> (0x00000000d61b3e30) 
thrown [s\src\hotspot\share\prims\jni.cpp, line 520]
Event: 17.028 Thread 0x0000018bd72859e0 Exception <a 'java/lang/UnsatisfiedLinkError'{0x00000000d623d0b0}: The specified procedure could not be found.
> (0x00000000d623d0b0) 
thrown [s\src\hotspot\share\prims\jni.cpp, line 539]
Event: 17.054 Thread 0x0000018bd7469ab0 Exception <a 'java/lang/NoSuchMethodError'{0x00000000d5f490f0}: 'int java.lang.invoke.DirectMethodHandle$Holder.invokeStatic(java.lang.Object)'> (0x00000000d5f490f0) 
thrown [s\src\hotspot\share\interpreter\linkResolver.cpp, line 773]

ZGC Phase Switch (0 events):
No events

VM Operations (20 events):
Event: 15.340 Executing VM operation: HandshakeAllThreads (Deoptimize) done
Event: 15.448 Executing VM operation: CollectForMetadataAllocation (Metadata GC Threshold)
Event: 15.502 Executing VM operation: CollectForMetadataAllocation (Metadata GC Threshold) done
Event: 15.502 Executing VM operation: CollectForMetadataAllocation (Metadata GC Threshold)
Event: 15.502 Executing VM operation: CollectForMetadataAllocation (Metadata GC Threshold) done
Event: 15.638 Executing VM operation: HandshakeAllThreads (Deoptimize)
Event: 15.638 Executing VM operation: HandshakeAllThreads (Deoptimize) done
Event: 15.845 Executing VM operation: ParallelGCFailedAllocation (Allocation Failure)
Event: 15.847 Executing VM operation: ParallelGCFailedAllocation (Allocation Failure) done
Event: 16.185 Executing VM operation: ParallelGCFailedAllocation (Allocation Failure)
Event: 16.187 Executing VM operation: ParallelGCFailedAllocation (Allocation Failure) done
Event: 16.491 Executing VM operation: ParallelGCFailedAllocation (Allocation Failure)
Event: 16.494 Executing VM operation: ParallelGCFailedAllocation (Allocation Failure) done
Event: 16.585 Executing VM operation: HandshakeAllThreads (Deoptimize)
Event: 16.585 Executing VM operation: HandshakeAllThreads (Deoptimize) done
Event: 16.641 Executing VM operation: HandshakeAllThreads (Deoptimize)
Event: 16.641 Executing VM operation: HandshakeAllThreads (Deoptimize) done
Event: 16.819 Executing VM operation: ParallelGCFailedAllocation (Allocation Failure)
Event: 16.826 Executing VM operation: ParallelGCFailedAllocation (Allocation Failure) done
Event: 17.831 Executing VM operation: Cleanup

Memory protections (0 events):
No events

Nmethod flushes (0 events):
No events

Events (20 events):
Event: 0.765 Thread 0x0000018bd1cabb50 Thread exited: 0x0000018bd1cabb50
Event: 0.935 Thread 0x0000018bf65bc620 Thread added: 0x0000018bd1deb820
Event: 1.096 Thread 0x0000018bd1b201e0 Thread added: 0x0000018bd1e21540
Event: 2.220 Thread 0x0000018bf65bc620 Thread added: 0x0000018bd73c9220
Event: 2.538 Thread 0x0000018bf65bc620 Thread added: 0x0000018bd76a9f40
Event: 2.597 Thread 0x0000018bd76a9f40 Thread added: 0x0000018bd76634e0
Event: 2.604 Thread 0x0000018bf65bc620 Thread added: 0x0000018bd72859e0
Event: 3.418 Thread 0x0000018bd72859e0 Thread added: 0x0000018bd7ce6330
Event: 4.155 Thread 0x0000018bd72859e0 Thread added: 0x0000018bd7d338e0
Event: 4.674 Thread 0x0000018bd72859e0 Thread added: 0x0000018bd7ea1a80
Event: 4.860 Thread 0x0000018bd1e21540 Thread exited: 0x0000018bd1e21540
Event: 10.548 Thread 0x0000018bd72859e0 Thread added: 0x0000018bd7388d20
Event: 11.632 Thread 0x0000018bd72859e0 Thread added: 0x0000018bd746bb80
Event: 11.661 Thread 0x0000018bd72859e0 Thread added: 0x0000018bd7468d90
Event: 12.930 Thread 0x0000018bd7468d90 Thread added: 0x0000018bd7469ab0
Event: 15.194 Thread 0x0000018bd1b201e0 Thread added: 0x0000018bd81d8350
Event: 15.504 Thread 0x0000018bd1b201e0 Thread added: 0x0000018bd8654e90
Event: 16.546 Thread 0x0000018bd72859e0 Thread added: 0x0000018bd746a140
Event: 16.626 Thread 0x0000018bd746bb80 Thread added: 0x0000018bd746a7d0
Event: 16.883 Thread 0x0000018bd746a7d0 Thread added: 0x0000018bd746ae60


Dynamic libraries:
0x00007ff683230000 - 0x00007ff68323e000 	c:\Users\MyBook Hype AMD\.vscode\extensions\redhat.java-1.46.0-win32-x64\jre\21.0.8-win32-x86_64\bin\java.exe
0x00007ffee48c0000 - 0x00007ffee4b28000 	C:\WINDOWS\SYSTEM32\ntdll.dll
0x00007ffee3770000 - 0x00007ffee3839000 	C:\WINDOWS\System32\KERNEL32.DLL
0x00007ffee1a50000 - 0x00007ffee1e42000 	C:\WINDOWS\System32\KERNELBASE.dll
0x00007ffee1f10000 - 0x00007ffee205b000 	C:\WINDOWS\System32\ucrtbase.dll
0x00007ffec2030000 - 0x00007ffec204e000 	c:\Users\MyBook Hype AMD\.vscode\extensions\redhat.java-1.46.0-win32-x64\jre\21.0.8-win32-x86_64\bin\VCRUNTIME140.dll
0x00007ffebfa60000 - 0x00007ffebfa78000 	c:\Users\MyBook Hype AMD\.vscode\extensions\redhat.java-1.46.0-win32-x64\jre\21.0.8-win32-x86_64\bin\jli.dll
0x00007ffee3880000 - 0x00007ffee3a45000 	C:\WINDOWS\System32\USER32.dll
0x00007ffee2060000 - 0x00007ffee2087000 	C:\WINDOWS\System32\win32u.dll
0x00007ffeca550000 - 0x00007ffeca7e3000 	C:\WINDOWS\WinSxS\amd64_microsoft.windows.common-controls_6595b64144ccf1df_6.0.26100.6725_none_3e085828e334708b\COMCTL32.dll
0x00007ffee4600000 - 0x00007ffee462b000 	C:\WINDOWS\System32\GDI32.dll
0x00007ffee2760000 - 0x00007ffee2809000 	C:\WINDOWS\System32\msvcrt.dll
0x00007ffee2430000 - 0x00007ffee255d000 	C:\WINDOWS\System32\gdi32full.dll
0x00007ffee2380000 - 0x00007ffee2423000 	C:\WINDOWS\System32\msvcp_win.dll
0x00007ffee3840000 - 0x00007ffee386f000 	C:\WINDOWS\System32\IMM32.DLL
0x00007ffedca70000 - 0x00007ffedca7c000 	c:\Users\MyBook Hype AMD\.vscode\extensions\redhat.java-1.46.0-win32-x64\jre\21.0.8-win32-x86_64\bin\vcruntime140_1.dll
0x00007ffe7d280000 - 0x00007ffe7d30d000 	c:\Users\MyBook Hype AMD\.vscode\extensions\redhat.java-1.46.0-win32-x64\jre\21.0.8-win32-x86_64\bin\msvcp140.dll
0x00007ffe707a0000 - 0x00007ffe71537000 	c:\Users\MyBook Hype AMD\.vscode\extensions\redhat.java-1.46.0-win32-x64\jre\21.0.8-win32-x86_64\bin\server\jvm.dll
0x00007ffee36a0000 - 0x00007ffee3754000 	C:\WINDOWS\System32\ADVAPI32.dll
0x00007ffee4300000 - 0x00007ffee43a6000 	C:\WINDOWS\System32\sechost.dll
0x00007ffee43b0000 - 0x00007ffee44c8000 	C:\WINDOWS\System32\RPCRT4.dll
0x00007ffee4730000 - 0x00007ffee47a4000 	C:\WINDOWS\System32\WS2_32.dll
0x00007ffeda8f0000 - 0x00007ffeda925000 	C:\WINDOWS\SYSTEM32\WINMM.dll
0x00007ffedb4d0000 - 0x00007ffedb4db000 	C:\WINDOWS\SYSTEM32\VERSION.dll
0x00007ffee18b0000 - 0x00007ffee190e000 	C:\WINDOWS\SYSTEM32\POWRPROF.dll
0x00007ffee1890000 - 0x00007ffee18a4000 	C:\WINDOWS\SYSTEM32\UMPDC.dll
0x00007ffee07e0000 - 0x00007ffee07fb000 	C:\WINDOWS\SYSTEM32\kernel.appcore.dll
0x00007ffece910000 - 0x00007ffece91a000 	c:\Users\MyBook Hype AMD\.vscode\extensions\redhat.java-1.46.0-win32-x64\jre\21.0.8-win32-x86_64\bin\jimage.dll
0x00007ffed7450000 - 0x00007ffed7692000 	C:\WINDOWS\SYSTEM32\DBGHELP.DLL
0x00007ffee3a50000 - 0x00007ffee3dcb000 	C:\WINDOWS\System32\combase.dll
0x00007ffee35c0000 - 0x00007ffee3697000 	C:\WINDOWS\System32\OLEAUT32.dll
0x00007ffec9a50000 - 0x00007ffec9a8c000 	C:\WINDOWS\SYSTEM32\dbgcore.DLL
0x00007ffee25f0000 - 0x00007ffee2688000 	C:\WINDOWS\System32\bcryptPrimitives.dll
0x00007ffebf9e0000 - 0x00007ffebf9ef000 	c:\Users\MyBook Hype AMD\.vscode\extensions\redhat.java-1.46.0-win32-x64\jre\21.0.8-win32-x86_64\bin\instrument.dll
0x00007ffebf9c0000 - 0x00007ffebf9df000 	c:\Users\MyBook Hype AMD\.vscode\extensions\redhat.java-1.46.0-win32-x64\jre\21.0.8-win32-x86_64\bin\java.dll
0x00007ffee2810000 - 0x00007ffee2f5c000 	C:\WINDOWS\System32\SHELL32.dll
0x00007ffee2090000 - 0x00007ffee21fb000 	C:\WINDOWS\System32\wintypes.dll
0x00007ffedf680000 - 0x00007ffedfedd000 	C:\WINDOWS\SYSTEM32\windows.storage.dll
0x00007ffee4630000 - 0x00007ffee4722000 	C:\WINDOWS\System32\SHCORE.dll
0x00007ffee4590000 - 0x00007ffee45f2000 	C:\WINDOWS\System32\shlwapi.dll
0x00007ffee1970000 - 0x00007ffee1999000 	C:\WINDOWS\SYSTEM32\profapi.dll
0x00007ffeb7700000 - 0x00007ffeb7718000 	c:\Users\MyBook Hype AMD\.vscode\extensions\redhat.java-1.46.0-win32-x64\jre\21.0.8-win32-x86_64\bin\zip.dll
0x00007ffebf980000 - 0x00007ffebf990000 	C:\Users\MyBook Hype AMD\.vscode\extensions\redhat.java-1.46.0-win32-x64\jre\21.0.8-win32-x86_64\bin\net.dll
0x00007ffeda110000 - 0x00007ffeda22f000 	C:\WINDOWS\SYSTEM32\WINHTTP.dll
0x00007ffee0d30000 - 0x00007ffee0d9b000 	C:\WINDOWS\system32\mswsock.dll
0x00007ffebf960000 - 0x00007ffebf976000 	C:\Users\MyBook Hype AMD\.vscode\extensions\redhat.java-1.46.0-win32-x64\jre\21.0.8-win32-x86_64\bin\nio.dll
0x00007ffebf950000 - 0x00007ffebf960000 	c:\Users\MyBook Hype AMD\.vscode\extensions\redhat.java-1.46.0-win32-x64\jre\21.0.8-win32-x86_64\bin\verify.dll
0x00007ffe7a0d0000 - 0x00007ffe7a114000 	C:\Users\MyBook Hype AMD\AppData\Roaming\Code\User\globalStorage\redhat.java\1.46.0\config_win\org.eclipse.equinox.launcher\org.eclipse.equinox.launcher.win32.win32.x86_64_1.2.1400.v20250801-0854\eclipse_11916.dll
0x00007ffee32a0000 - 0x00007ffee3438000 	C:\WINDOWS\System32\ole32.dll
0x00007ffee1110000 - 0x00007ffee112b000 	C:\WINDOWS\SYSTEM32\CRYPTSP.dll
0x00007ffee0740000 - 0x00007ffee077b000 	C:\WINDOWS\system32\rsaenh.dll
0x00007ffee0dd0000 - 0x00007ffee0dfb000 	C:\WINDOWS\SYSTEM32\USERENV.dll
0x00007ffee1940000 - 0x00007ffee1966000 	C:\WINDOWS\SYSTEM32\bcrypt.dll
0x00007ffee0f70000 - 0x00007ffee0f7c000 	C:\WINDOWS\SYSTEM32\CRYPTBASE.dll
0x00007ffee01e0000 - 0x00007ffee0214000 	C:\WINDOWS\SYSTEM32\IPHLPAPI.DLL
0x00007ffee3760000 - 0x00007ffee376a000 	C:\WINDOWS\System32\NSI.dll
0x00007ffe9a0b0000 - 0x00007ffe9a0f9000 	C:\Users\MyBook Hype AMD\AppData\Local\Temp\jna--873495991\jna15968246278681194486.dll
0x00007ffee4270000 - 0x00007ffee4278000 	C:\WINDOWS\System32\PSAPI.DLL
0x00007ffed8160000 - 0x00007ffed817e000 	C:\WINDOWS\SYSTEM32\dhcpcsvc6.DLL
0x00007ffed8130000 - 0x00007ffed8153000 	C:\WINDOWS\SYSTEM32\dhcpcsvc.DLL

JVMTI agents:
c:\Users\MyBook Hype AMD\.vscode\extensions\redhat.java-1.46.0-win32-x64\lombok\lombok-1.18.39-4050.jar path:c:\Users\MyBook Hype AMD\.vscode\extensions\redhat.java-1.46.0-win32-x64\jre\21.0.8-win32-x86_64\bin\instrument.dll, loaded, initialized, instrumentlib options:none

dbghelp: loaded successfully - version: 4.0.5 - missing functions: none
symbol engine: initialized successfully - sym options: 0x614 - pdb path: .;c:\Users\MyBook Hype AMD\.vscode\extensions\redhat.java-1.46.0-win32-x64\jre\21.0.8-win32-x86_64\bin;C:\WINDOWS\SYSTEM32;C:\WINDOWS\WinSxS\amd64_microsoft.windows.common-controls_6595b64144ccf1df_6.0.26100.6725_none_3e085828e334708b;c:\Users\MyBook Hype AMD\.vscode\extensions\redhat.java-1.46.0-win32-x64\jre\21.0.8-win32-x86_64\bin\server;C:\Users\MyBook Hype AMD\AppData\Roaming\Code\User\globalStorage\redhat.java\1.46.0\config_win\org.eclipse.equinox.launcher\org.eclipse.equinox.launcher.win32.win32.x86_64_1.2.1400.v20250801-0854;C:\Users\MyBook Hype AMD\AppData\Local\Temp\jna--873495991

VM Arguments:
jvm_args: --add-modules=ALL-SYSTEM --add-opens=java.base/java.util=ALL-UNNAMED --add-opens=java.base/java.lang=ALL-UNNAMED --add-opens=java.base/sun.nio.fs=ALL-UNNAMED -Declipse.application=org.eclipse.jdt.ls.core.id1 -Dosgi.bundles.defaultStartLevel=4 -Declipse.product=org.eclipse.jdt.ls.core.product -Djava.import.generatesMetadataFilesAtProjectRoot=false -DDetectVMInstallationsJob.disabled=true -Dfile.encoding=utf8 -XX:+UseParallelGC -XX:GCTimeRatio=4 -XX:AdaptiveSizePolicyWeight=90 -Dsun.zip.disableMemoryMapping=true -Xmx2G -Xms100m -Xlog:disable -javaagent:c:\Users\MyBook Hype AMD\.vscode\extensions\redhat.java-1.46.0-win32-x64\lombok\lombok-1.18.39-4050.jar -XX:+HeapDumpOnOutOfMemoryError -XX:HeapDumpPath=c:\Users\MyBook Hype AMD\AppData\Roaming\Code\User\workspaceStorage\dfb97b31f6dd9656776869df2afc24b7\redhat.java -Daether.dependencyCollector.impl=bf 
java_command: c:\Users\MyBook Hype AMD\.vscode\extensions\redhat.java-1.46.0-win32-x64\server\plugins\org.eclipse.equinox.launcher_1.7.0.v20250519-0528.jar -configuration c:\Users\MyBook Hype AMD\AppData\Roaming\Code\User\globalStorage\redhat.java\1.46.0\config_win -data c:\Users\MyBook Hype AMD\AppData\Roaming\Code\User\workspaceStorage\dfb97b31f6dd9656776869df2afc24b7\redhat.java\jdt_ws --pipe=\\.\pipe\lsp-ef44ef3f25d898466cc8cedd6b74826b-sock
java_class_path (initial): c:\Users\MyBook Hype AMD\.vscode\extensions\redhat.java-1.46.0-win32-x64\server\plugins\org.eclipse.equinox.launcher_1.7.0.v20250519-0528.jar
Launcher Type: SUN_STANDARD

[Global flags]
    uintx AdaptiveSizePolicyWeight                 = 90                                        {product} {command line}
     intx CICompilerCount                          = 4                                         {product} {ergonomic}
    uintx GCTimeRatio                              = 4                                         {product} {command line}
     bool HeapDumpOnOutOfMemoryError               = true                                   {manageable} {command line}
    ccstr HeapDumpPath                             = c:\Users\MyBook Hype AMD\AppData\Roaming\Code\User\workspaceStorage\dfb97b31f6dd9656776869df2afc24b7\redhat.java         {manageable} {command line}
   size_t InitialHeapSize                          = 104857600                                 {product} {command line}
   size_t MaxHeapSize                              = 2147483648                                {product} {command line}
   size_t MaxNewSize                               = 715653120                                 {product} {ergonomic}
   size_t MinHeapDeltaBytes                        = 524288                                    {product} {ergonomic}
   size_t MinHeapSize                              = 104857600                                 {product} {command line}
   size_t NewSize                                  = 34603008                                  {product} {ergonomic}
    uintx NonNMethodCodeHeapSize                   = 5839372                                {pd product} {ergonomic}
    uintx NonProfiledCodeHeapSize                  = 122909434                              {pd product} {ergonomic}
   size_t OldSize                                  = 70254592                                  {product} {ergonomic}
    uintx ProfiledCodeHeapSize                     = 122909434                              {pd product} {ergonomic}
    uintx ReservedCodeCacheSize                    = 251658240                              {pd product} {ergonomic}
     bool SegmentedCodeCache                       = true                                      {product} {ergonomic}
   size_t SoftMaxHeapSize                          = 2147483648                             {manageable} {ergonomic}
     bool UseCompressedOops                        = true                           {product lp64_product} {ergonomic}
     bool UseLargePagesIndividualAllocation        = false                                  {pd product} {ergonomic}
     bool UseParallelGC                            = true                                      {product} {command line}

Logging:
Log output configuration:
 #0: stdout all=off uptime,level,tags foldmultilines=false
 #1: stderr all=off uptime,level,tags foldmultilines=false

Environment Variables:
JAVA_HOME=C:\jdk-21.0.5
PATH=C:\Python313\Scripts\;C:\Python313\;C:\Program Files\Common Files\Oracle\Java\javapath;C:\Program Files (x86)\Common Files\Oracle\Java\javapath;C:\WINDOWS\system32;C:\WINDOWS;C:\WINDOWS\System32\Wbem;C:\WINDOWS\System32\WindowsPowerShell\v1.0\;C:\WINDOWS\System32\OpenSSH\;C:\MinGW\bin;C:\Program Files\Git\cmd;C:\Program Files\dotnet\;C:\Program Files (x86)\Microsoft SQL Server\160\DTS\Binn\;C:\Program Files\Apache\maven\apache-maven-3.9.9\bin;C:\apache-maven-3.9.9\bin;C:\mingw64\bin;C:\ProgramData\chocolatey\bin;C:\Program Files\MySQL\MySQL Server 8.0\bin;C:\Program Files\nodejs\;C:\Users\MyBook Hype AMD\AppData\Local\pnpm;C:\Users\MyBook Hype AMD\AppData\Local\Programs\Microsoft VS Code\bin;C:\Users\MyBook Hype AMD\AppData\Local\Microsoft\WindowsApps;C:\Program Files\MySQL\MySQL Server 8.0\bin;C:\Users\MyBook Hype AMD\AppData\Roaming\npm
USERNAME=MyBook Hype AMD
OS=Windows_NT
PROCESSOR_IDENTIFIER=AMD64 Family 23 Model 104 Stepping 1, AuthenticAMD
TMP=C:\Users\MYBOOK~1\AppData\Local\Temp
TEMP=C:\Users\MYBOOK~1\AppData\Local\Temp




Periodic native trim disabled

---------------  S Y S T E M  ---------------

OS:
 Windows 11 , 64 bit Build 26100 (10.0.26100.6725)
OS uptime: 0 days 5:40 hours
Hyper-V role detected

CPU: total 12 (initial active 12) (12 cores per cpu, 2 threads per core) family 23 model 104 stepping 1 microcode 0x8608107, cx8, cmov, fxsr, ht, mmx, 3dnowpref, sse, sse2, sse3, ssse3, sse4a, sse4.1, sse4.2, popcnt, lzcnt, tsc, tscinvbit, avx, avx2, aes, clmul, bmi1, bmi2, adx, sha, fma, vzeroupper, clflush, clflushopt, hv, rdtscp, rdpid, f16c
Processor Information for the first 12 processors :
  Max Mhz: 2100, Current Mhz: 1988, Mhz Limit: 2100

Memory: 4k page, system-wide physical 7560M (708M free)
TotalPageFile size 26732M (AvailPageFile size 6M)
current process WorkingSet (physical memory assigned to process): 181M, peak: 181M
current process commit charge ("private bytes"): 313M, peak: 313M

vm_info: OpenJDK 64-Bit Server VM (21.0.8+9-LTS) for windows-amd64 JRE (21.0.8+9-LTS), built on 2025-07-15T00:00:00Z by "admin" with MS VC++ 17.7 (VS2022)

END.
