#
# There is insufficient memory for the Java Runtime Environment to continue.
# Native memory allocation (malloc) failed to allocate 86320 bytes. Error detail: Chunk::new
# Possible reasons:
#   The system is out of physical RAM or swap space
#   This process is running with CompressedOops enabled, and the Java Heap may be blocking the growth of the native heap
# Possible solutions:
#   Reduce memory load on the system
#   Increase physical memory or swap space
#   Check if swap backing store is full
#   Decrease Java heap size (-Xmx/-Xms)
#   Decrease number of Java threads
#   Decrease Java thread stack sizes (-Xss)
#   Set larger code cache with -XX:ReservedCodeCacheSize=
#   JVM is running with Unscaled Compressed Oops mode in which the Java heap is
#     placed in the first 4GB address space. The Java Heap base address is the
#     maximum limit for the native heap growth. Please use -XX:HeapBaseMinAddress
#     to set the Java Heap base and to place the Java Heap above 4GB virtual address.
# This output file may be truncated or incomplete.
#
#  Out of Memory Error (arena.cpp:168), pid=7128, tid=21612
#
# JRE version: OpenJDK Runtime Environment Temurin-21.0.8+9 (21.0.8+9) (build 21.0.8+9-LTS)
# Java VM: OpenJDK 64-Bit Server VM Temurin-21.0.8+9 (21.0.8+9-LTS, mixed mode, sharing, tiered, compressed oops, compressed class ptrs, parallel gc, windows-amd64)
# No core dump will be written. Minidumps are not enabled by default on client versions of Windows
#

---------------  S U M M A R Y ------------

Command Line: --add-modules=ALL-SYSTEM --add-opens=java.base/java.util=ALL-UNNAMED --add-opens=java.base/java.lang=ALL-UNNAMED --add-opens=java.base/sun.nio.fs=ALL-UNNAMED -Declipse.application=org.eclipse.jdt.ls.core.id1 -Dosgi.bundles.defaultStartLevel=4 -Declipse.product=org.eclipse.jdt.ls.core.product -Djava.import.generatesMetadataFilesAtProjectRoot=false -DDetectVMInstallationsJob.disabled=true -Dfile.encoding=utf8 -XX:+UseParallelGC -XX:GCTimeRatio=4 -XX:AdaptiveSizePolicyWeight=90 -Dsun.zip.disableMemoryMapping=true -Xmx2G -Xms100m -Xlog:disable -javaagent:c:\Users\MyBook Hype AMD\.vscode\extensions\redhat.java-1.46.0-win32-x64\lombok\lombok-1.18.39-4050.jar -XX:+HeapDumpOnOutOfMemoryError -XX:HeapDumpPath=c:\Users\MyBook Hype AMD\AppData\Roaming\Code\User\workspaceStorage\dfb97b31f6dd9656776869df2afc24b7\redhat.java -Daether.dependencyCollector.impl=bf c:\Users\MyBook Hype AMD\.vscode\extensions\redhat.java-1.46.0-win32-x64\server\plugins\org.eclipse.equinox.launcher_1.7.0.v20250519-0528.jar -configuration c:\Users\MyBook Hype AMD\AppData\Roaming\Code\User\globalStorage\redhat.java\1.46.0\config_win -data c:\Users\MyBook Hype AMD\AppData\Roaming\Code\User\workspaceStorage\dfb97b31f6dd9656776869df2afc24b7\redhat.java\jdt_ws --pipe=\\.\pipe\lsp-e19ed6ae5d4d905b8fe1a452e235b4dd-sock

Host: AMD Ryzen 5 5500U with Radeon Graphics         , 12 cores, 7G,  Windows 11 , 64 bit Build 26100 (10.0.26100.6725)
Time: Tue Oct  7 23:03:49 2025 SE Asia Standard Time elapsed time: 3.499809 seconds (0d 0h 0m 3s)

---------------  T H R E A D  ---------------

Current thread (0x000001665cd025d0):  JavaThread "C2 CompilerThread0" daemon [_thread_in_native, id=21612, stack(0x0000005dc1800000,0x0000005dc1900000) (1024K)]


Current CompileTask:
C2:3499 1058   !   4       java.util.jar.Attributes::read (494 bytes)

Stack: [0x0000005dc1800000,0x0000005dc1900000]
Native frames: (J=compiled Java code, j=interpreted, Vv=VM code, C=native code)
V  [jvm.dll+0x6d2449]
V  [jvm.dll+0x8ae341]
V  [jvm.dll+0x8b08be]
V  [jvm.dll+0x8b0fa3]
V  [jvm.dll+0x280c96]
V  [jvm.dll+0xc581d]
V  [jvm.dll+0xc5d53]
V  [jvm.dll+0x13fc9f]
V  [jvm.dll+0x65b942]
V  [jvm.dll+0x65fc49]
V  [jvm.dll+0x248d55]
V  [jvm.dll+0x2484af]
V  [jvm.dll+0x1c89ee]
V  [jvm.dll+0x257d4d]
V  [jvm.dll+0x2562ea]
V  [jvm.dll+0x3f2d16]
V  [jvm.dll+0x857e6b]
V  [jvm.dll+0x6d0b0d]
C  [ucrtbase.dll+0x37b0]
C  [KERNEL32.DLL+0x2e8d7]
C  [ntdll.dll+0x8c53c]


---------------  P R O C E S S  ---------------

Threads class SMR info:
_java_thread_list=0x000001665d03c380, length=12, elements={
0x0000016601a9b110, 0x0000016603eb9720, 0x0000016603ebb8f0, 0x0000016603fb1330,
0x0000016603fb1d80, 0x0000016603fb2980, 0x0000016603fbc940, 0x000001665cd025d0,
0x000001665cd02fb0, 0x000001665cded700, 0x000001665d0426a0, 0x000001665d02c170
}

Java Threads: ( => current thread )
  0x0000016601a9b110 JavaThread "main"                              [_thread_in_native, id=20412, stack(0x0000005dc0e00000,0x0000005dc0f00000) (1024K)]
  0x0000016603eb9720 JavaThread "Reference Handler"          daemon [_thread_blocked, id=24196, stack(0x0000005dc1200000,0x0000005dc1300000) (1024K)]
  0x0000016603ebb8f0 JavaThread "Finalizer"                  daemon [_thread_blocked, id=21312, stack(0x0000005dc1300000,0x0000005dc1400000) (1024K)]
  0x0000016603fb1330 JavaThread "Signal Dispatcher"          daemon [_thread_blocked, id=22000, stack(0x0000005dc1400000,0x0000005dc1500000) (1024K)]
  0x0000016603fb1d80 JavaThread "Attach Listener"            daemon [_thread_blocked, id=22896, stack(0x0000005dc1500000,0x0000005dc1600000) (1024K)]
  0x0000016603fb2980 JavaThread "Service Thread"             daemon [_thread_blocked, id=7464, stack(0x0000005dc1600000,0x0000005dc1700000) (1024K)]
  0x0000016603fbc940 JavaThread "Monitor Deflation Thread"   daemon [_thread_blocked, id=23416, stack(0x0000005dc1700000,0x0000005dc1800000) (1024K)]
=>0x000001665cd025d0 JavaThread "C2 CompilerThread0"         daemon [_thread_in_native, id=21612, stack(0x0000005dc1800000,0x0000005dc1900000) (1024K)]
  0x000001665cd02fb0 JavaThread "C1 CompilerThread0"         daemon [_thread_blocked, id=13992, stack(0x0000005dc1900000,0x0000005dc1a00000) (1024K)]
  0x000001665cded700 JavaThread "Common-Cleaner"             daemon [_thread_blocked, id=20276, stack(0x0000005dc1a00000,0x0000005dc1b00000) (1024K)]
  0x000001665d0426a0 JavaThread "C2 CompilerThread1"         daemon [_thread_blocked, id=18504, stack(0x0000005dc1b00000,0x0000005dc1c00000) (1024K)]
  0x000001665d02c170 JavaThread "Notification Thread"        daemon [_thread_blocked, id=3756, stack(0x0000005dc1c00000,0x0000005dc1d00000) (1024K)]
Total: 12

Other Threads:
  0x0000016603fb0b00 VMThread "VM Thread"                           [id=17736, stack(0x0000005dc1100000,0x0000005dc1200000) (1024K)]
  0x0000016603d9ca00 WatcherThread "VM Periodic Task Thread"        [id=23504, stack(0x0000005dc1000000,0x0000005dc1100000) (1024K)]
  0x0000016603f2bfd0 WorkerThread "GC Thread#0"                     [id=12452, stack(0x0000005dc0f00000,0x0000005dc1000000) (1024K)]
  0x0000016662556bc0 WorkerThread "GC Thread#1"                     [id=22728, stack(0x0000005dc1d00000,0x0000005dc1e00000) (1024K)]
  0x00000166627661d0 WorkerThread "GC Thread#2"                     [id=21452, stack(0x0000005dc1e00000,0x0000005dc1f00000) (1024K)]
  0x0000016662556f60 WorkerThread "GC Thread#3"                     [id=7696, stack(0x0000005dc1f00000,0x0000005dc2000000) (1024K)]
  0x0000016662557300 WorkerThread "GC Thread#4"                     [id=14996, stack(0x0000005dc2000000,0x0000005dc2100000) (1024K)]
  0x0000016662725040 WorkerThread "GC Thread#5"                     [id=23024, stack(0x0000005dc2100000,0x0000005dc2200000) (1024K)]
  0x00000166627253e0 WorkerThread "GC Thread#6"                     [id=22216, stack(0x0000005dc2200000,0x0000005dc2300000) (1024K)]
Total: 9

Threads with active compile tasks:
C2 CompilerThread0  3525 1058   !   4       java.util.jar.Attributes::read (494 bytes)
Total: 1

VM state: not at safepoint (normal execution)

VM Mutex/Monitor currently owned by a thread: None

Heap address: 0x0000000080000000, size: 2048 MB, Compressed Oops mode: 32-bit

CDS archive(s) mapped at: [0x000001661b000000-0x000001661bba0000-0x000001661bba0000), size 12189696, SharedBaseAddress: 0x000001661b000000, ArchiveRelocationMode: 1.
Compressed class space mapped at: 0x000001661c000000-0x000001665c000000, reserved size: 1073741824
Narrow klass base: 0x000001661b000000, Narrow klass shift: 0, Narrow klass range: 0x100000000

GC Precious Log:
 CardTable entry size: 512
 CPUs: 12 total, 12 available
 Memory: 7560M
 Large Page Support: Disabled
 NUMA Support: Disabled
 Compressed Oops: Enabled (32-bit)
 Alignments: Space 512K, Generation 512K, Heap 2M
 Heap Min Capacity: 100M
 Heap Initial Capacity: 100M
 Heap Max Capacity: 2G
 Pre-touch: Disabled
 Parallel Workers: 10

Heap:
 PSYoungGen      total 29696K, used 4828K [0x00000000d5580000, 0x00000000d7680000, 0x0000000100000000)
  eden space 25600K, 5% used [0x00000000d5580000,0x00000000d56f95b0,0x00000000d6e80000)
  from space 4096K, 81% used [0x00000000d6e80000,0x00000000d71bde28,0x00000000d7280000)
  to   space 4096K, 0% used [0x00000000d7280000,0x00000000d7280000,0x00000000d7680000)
 ParOldGen       total 68608K, used 16K [0x0000000080000000, 0x0000000084300000, 0x00000000d5580000)
  object space 68608K, 0% used [0x0000000080000000,0x0000000080004000,0x0000000084300000)
 Metaspace       used 4406K, committed 4672K, reserved 1114112K
  class space    used 476K, committed 640K, reserved 1048576K

Card table byte_map: [0x00000166038b0000,0x0000016603cc0000] _byte_map_base: 0x00000166034b0000

Marking Bits: (ParMarkBitMap*) 0x00007ffe0881a340
 Begin Bits: [0x00000166163b0000, 0x00000166183b0000)
 End Bits:   [0x00000166183b0000, 0x000001661a3b0000)

Polling page: 0x0000016601cd0000

Metaspace:

Usage:
  Non-class:      3.84 MB used.
      Class:    476.39 KB used.
       Both:      4.30 MB used.

Virtual space:
  Non-class space:       64.00 MB reserved,       3.94 MB (  6%) committed,  1 nodes.
      Class space:        1.00 GB reserved,     640.00 KB ( <1%) committed,  1 nodes.
             Both:        1.06 GB reserved,       4.56 MB ( <1%) committed. 

Chunk freelists:
   Non-Class:  11.12 MB
       Class:  15.42 MB
        Both:  26.55 MB

MaxMetaspaceSize: unlimited
CompressedClassSpaceSize: 1.00 GB
Initial GC threshold: 21.00 MB
Current GC threshold: 21.00 MB
CDS: on
 - commit_granule_bytes: 65536.
 - commit_granule_words: 8192.
 - virtual_space_node_default_size: 8388608.
 - enlarge_chunks_in_place: 1.
 - use_allocation_guard: 0.


Internal statistics:

num_allocs_failed_limit: 0.
num_arena_births: 184.
num_arena_deaths: 0.
num_vsnodes_births: 2.
num_vsnodes_deaths: 0.
num_space_committed: 73.
num_space_uncommitted: 0.
num_chunks_returned_to_freelist: 0.
num_chunks_taken_from_freelist: 250.
num_chunk_merges: 0.
num_chunk_splits: 160.
num_chunks_enlarged: 95.
num_inconsistent_stats: 0.

CodeHeap 'non-profiled nmethods': size=120000Kb used=413Kb max_used=413Kb free=119586Kb
 bounds [0x000001660ebd0000, 0x000001660ee40000, 0x0000016616100000]
CodeHeap 'profiled nmethods': size=120000Kb used=1787Kb max_used=1787Kb free=118212Kb
 bounds [0x0000016607100000, 0x0000016607370000, 0x000001660e630000]
CodeHeap 'non-nmethods': size=5760Kb used=1194Kb max_used=1209Kb free=4565Kb
 bounds [0x000001660e630000, 0x000001660e8a0000, 0x000001660ebd0000]
CodeCache: size=245760Kb, used=3394Kb, max_used=3409Kb, free=242363Kb
 total_blobs=1563, nmethods=1107, adapters=363, full_count=0
Compilation: enabled, stopped_count=0, restarted_count=0

Compilation events (20 events):
Event: 1.449 Thread 0x000001665cd02fb0 1094   !   3       jdk.internal.loader.BuiltinClassLoader::loadClassOrNull (143 bytes)
Event: 1.451 Thread 0x000001665cd02fb0 nmethod 1094 0x00000166072b9410 code [0x00000166072b96e0, 0x00000166072ba600]
Event: 1.452 Thread 0x000001665cd02fb0 1095       3       java.lang.Object::toString (36 bytes)
Event: 1.453 Thread 0x000001665cd02fb0 nmethod 1095 0x00000166072bac90 code [0x00000166072baf00, 0x00000166072bb6e8]
Event: 1.453 Thread 0x000001665d0426a0 nmethod 1086% 0x000001660ec32a90 code [0x000001660ec32c40, 0x000001660ec32fb8]
Event: 1.453 Thread 0x000001665d0426a0 1060   !   4       java.lang.String::<init> (890 bytes)
Event: 1.455 Thread 0x000001665cd02fb0 1096       3       java.util.ArrayDeque::elementAt (4 bytes)
Event: 1.456 Thread 0x000001665cd02fb0 nmethod 1096 0x00000166072bba10 code [0x00000166072bbba0, 0x00000166072bbcb8]
Event: 1.458 Thread 0x000001665cd02fb0 1097       3       jdk.internal.loader.BuiltinClassLoader::loadClass (22 bytes)
Event: 1.459 Thread 0x000001665cd02fb0 nmethod 1097 0x00000166072bbd90 code [0x00000166072bbf60, 0x00000166072bc218]
Event: 1.473 Thread 0x000001665cd02fb0 1098       1       java.util.concurrent.locks.AbstractOwnableSynchronizer::getExclusiveOwnerThread (5 bytes)
Event: 1.473 Thread 0x000001665cd02fb0 nmethod 1098 0x000001660ec33210 code [0x000001660ec333a0, 0x000001660ec33468]
Event: 1.473 Thread 0x000001665cd02fb0 1099       1       java.util.concurrent.locks.AbstractQueuedSynchronizer::getState (5 bytes)
Event: 1.473 Thread 0x000001665cd02fb0 nmethod 1099 0x000001660ec33d10 code [0x000001660ec33ea0, 0x000001660ec33f68]
Event: 1.473 Thread 0x000001665cd02fb0 1100       3       java.util.ArrayDeque::pollFirst (36 bytes)
Event: 1.474 Thread 0x000001665cd02fb0 nmethod 1100 0x00000166072bc310 code [0x00000166072bc4e0, 0x00000166072bc890]
Event: 1.474 Thread 0x000001665cd02fb0 1101       1       java.util.concurrent.locks.AbstractQueuedSynchronizer::setState (6 bytes)
Event: 1.474 Thread 0x000001665cd02fb0 nmethod 1101 0x000001660ec34010 code [0x000001660ec341a0, 0x000001660ec34270]
Event: 1.474 Thread 0x000001665cd02fb0 1104       3       java.util.concurrent.locks.ReentrantLock::unlock (10 bytes)
Event: 1.474 Thread 0x000001665cd02fb0 nmethod 1104 0x00000166072bca10 code [0x00000166072bcbe0, 0x00000166072bceb8]

GC Heap History (2 events):
Event: 1.462 GC heap before
{Heap before GC invocations=1 (full 0):
 PSYoungGen      total 29696K, used 25600K [0x00000000d5580000, 0x00000000d7680000, 0x0000000100000000)
  eden space 25600K, 100% used [0x00000000d5580000,0x00000000d6e80000,0x00000000d6e80000)
  from space 4096K, 0% used [0x00000000d7280000,0x00000000d7280000,0x00000000d7680000)
  to   space 4096K, 0% used [0x00000000d6e80000,0x00000000d6e80000,0x00000000d7280000)
 ParOldGen       total 68608K, used 0K [0x0000000080000000, 0x0000000084300000, 0x00000000d5580000)
  object space 68608K, 0% used [0x0000000080000000,0x0000000080000000,0x0000000084300000)
 Metaspace       used 4290K, committed 4480K, reserved 1114112K
  class space    used 468K, committed 576K, reserved 1048576K
}
Event: 1.472 GC heap after
{Heap after GC invocations=1 (full 0):
 PSYoungGen      total 29696K, used 3319K [0x00000000d5580000, 0x00000000d7680000, 0x0000000100000000)
  eden space 25600K, 0% used [0x00000000d5580000,0x00000000d5580000,0x00000000d6e80000)
  from space 4096K, 81% used [0x00000000d6e80000,0x00000000d71bde28,0x00000000d7280000)
  to   space 4096K, 0% used [0x00000000d7280000,0x00000000d7280000,0x00000000d7680000)
 ParOldGen       total 68608K, used 16K [0x0000000080000000, 0x0000000084300000, 0x00000000d5580000)
  object space 68608K, 0% used [0x0000000080000000,0x0000000080004000,0x0000000084300000)
 Metaspace       used 4290K, committed 4480K, reserved 1114112K
  class space    used 468K, committed 576K, reserved 1048576K
}

Dll operation events (8 events):
Event: 0.024 Loaded shared library c:\Users\MyBook Hype AMD\.vscode\extensions\redhat.java-1.46.0-win32-x64\jre\21.0.8-win32-x86_64\bin\java.dll
Event: 0.081 Loaded shared library c:\Users\MyBook Hype AMD\.vscode\extensions\redhat.java-1.46.0-win32-x64\jre\21.0.8-win32-x86_64\bin\zip.dll
Event: 0.231 Loaded shared library C:\Users\MyBook Hype AMD\.vscode\extensions\redhat.java-1.46.0-win32-x64\jre\21.0.8-win32-x86_64\bin\instrument.dll
Event: 0.241 Loaded shared library C:\Users\MyBook Hype AMD\.vscode\extensions\redhat.java-1.46.0-win32-x64\jre\21.0.8-win32-x86_64\bin\net.dll
Event: 0.245 Loaded shared library C:\Users\MyBook Hype AMD\.vscode\extensions\redhat.java-1.46.0-win32-x64\jre\21.0.8-win32-x86_64\bin\nio.dll
Event: 0.252 Loaded shared library C:\Users\MyBook Hype AMD\.vscode\extensions\redhat.java-1.46.0-win32-x64\jre\21.0.8-win32-x86_64\bin\zip.dll
Event: 0.293 Loaded shared library C:\Users\MyBook Hype AMD\.vscode\extensions\redhat.java-1.46.0-win32-x64\jre\21.0.8-win32-x86_64\bin\jimage.dll
Event: 0.468 Loaded shared library c:\Users\MyBook Hype AMD\.vscode\extensions\redhat.java-1.46.0-win32-x64\jre\21.0.8-win32-x86_64\bin\verify.dll

Deoptimization events (20 events):
Event: 1.406 Thread 0x0000016601a9b110 DEOPT PACKING pc=0x0000016607279031 sp=0x0000005dc0efe340
Event: 1.406 Thread 0x0000016601a9b110 DEOPT UNPACKING pc=0x000001660e684242 sp=0x0000005dc0efd7b8 mode 0
Event: 1.406 Thread 0x0000016601a9b110 DEOPT PACKING pc=0x0000016607279031 sp=0x0000005dc0efe340
Event: 1.406 Thread 0x0000016601a9b110 DEOPT UNPACKING pc=0x000001660e684242 sp=0x0000005dc0efd7b8 mode 0
Event: 1.407 Thread 0x0000016601a9b110 DEOPT PACKING pc=0x0000016607279031 sp=0x0000005dc0efe340
Event: 1.407 Thread 0x0000016601a9b110 DEOPT UNPACKING pc=0x000001660e684242 sp=0x0000005dc0efd7b8 mode 0
Event: 1.407 Thread 0x0000016601a9b110 DEOPT PACKING pc=0x0000016607279031 sp=0x0000005dc0efe340
Event: 1.407 Thread 0x0000016601a9b110 DEOPT UNPACKING pc=0x000001660e684242 sp=0x0000005dc0efd7b8 mode 0
Event: 1.407 Thread 0x0000016601a9b110 DEOPT PACKING pc=0x0000016607279031 sp=0x0000005dc0efe340
Event: 1.407 Thread 0x0000016601a9b110 DEOPT UNPACKING pc=0x000001660e684242 sp=0x0000005dc0efd7b8 mode 0
Event: 1.407 Thread 0x0000016601a9b110 DEOPT PACKING pc=0x0000016607279031 sp=0x0000005dc0efe340
Event: 1.407 Thread 0x0000016601a9b110 DEOPT UNPACKING pc=0x000001660e684242 sp=0x0000005dc0efd7b8 mode 0
Event: 1.407 Thread 0x0000016601a9b110 DEOPT PACKING pc=0x0000016607279031 sp=0x0000005dc0efe340
Event: 1.407 Thread 0x0000016601a9b110 DEOPT UNPACKING pc=0x000001660e684242 sp=0x0000005dc0efd7b8 mode 0
Event: 1.408 Thread 0x0000016601a9b110 DEOPT PACKING pc=0x0000016607279031 sp=0x0000005dc0efe340
Event: 1.408 Thread 0x0000016601a9b110 DEOPT UNPACKING pc=0x000001660e684242 sp=0x0000005dc0efd7b8 mode 0
Event: 1.408 Thread 0x0000016601a9b110 DEOPT PACKING pc=0x0000016607279031 sp=0x0000005dc0efe340
Event: 1.408 Thread 0x0000016601a9b110 DEOPT UNPACKING pc=0x000001660e684242 sp=0x0000005dc0efd7b8 mode 0
Event: 1.408 Thread 0x0000016601a9b110 DEOPT PACKING pc=0x0000016607279031 sp=0x0000005dc0efe340
Event: 1.408 Thread 0x0000016601a9b110 DEOPT UNPACKING pc=0x000001660e684242 sp=0x0000005dc0efd7b8 mode 0

Classes loaded (20 events):
Event: 1.417 Loading class jdk/internal/logger/LazyLoggers$LazyLoggerWrapper done
Event: 1.417 Loading class jdk/internal/logger/LazyLoggers$JdkLazyLogger done
Event: 1.417 Loading class jdk/internal/logger/LazyLoggers$LazyLoggerAccessor
Event: 1.418 Loading class jdk/internal/logger/LazyLoggers$LoggerAccessor
Event: 1.418 Loading class jdk/internal/logger/LazyLoggers$LoggerAccessor done
Event: 1.418 Loading class jdk/internal/logger/LazyLoggers$LazyLoggerAccessor done
Event: 1.419 Loading class jdk/internal/logger/SurrogateLogger
Event: 1.419 Loading class jdk/internal/logger/SimpleConsoleLogger
Event: 1.419 Loading class sun/util/logging/PlatformLogger$ConfigurableBridge$LoggerConfiguration
Event: 1.419 Loading class sun/util/logging/PlatformLogger$ConfigurableBridge$LoggerConfiguration done
Event: 1.419 Loading class jdk/internal/logger/SimpleConsoleLogger done
Event: 1.420 Loading class jdk/internal/logger/SurrogateLogger done
Event: 1.420 Loading class sun/util/logging/PlatformLogger
Event: 1.420 Loading class sun/util/logging/PlatformLogger done
Event: 1.421 Loading class sun/util/logging/PlatformLogger$Level
Event: 1.421 Loading class sun/util/logging/PlatformLogger$Level done
Event: 1.437 Loading class java/io/BufferedReader
Event: 1.438 Loading class java/io/BufferedReader done
Event: 1.438 Loading class sun/nio/cs/StreamDecoder
Event: 1.439 Loading class sun/nio/cs/StreamDecoder done

Classes unloaded (0 events):
No events

Classes redefined (0 events):
No events

Internal exceptions (20 events):
Event: 0.381 Thread 0x0000016601a9b110 Exception <a 'java/lang/NoSuchMethodError'{0x00000000d59e8f18}: 'int java.lang.invoke.DirectMethodHandle$Holder.invokeSpecial(java.lang.Object, java.lang.Object, java.lang.Object)'> (0x00000000d59e8f18) 
thrown [s\src\hotspot\share\interpreter\linkResolver.cpp, line 773]
Event: 0.389 Thread 0x0000016601a9b110 Exception <a 'java/lang/NoSuchMethodError'{0x00000000d59fe730}: 'java.lang.Object java.lang.invoke.DirectMethodHandle$Holder.invokeStatic(java.lang.Object, java.lang.Object, int)'> (0x00000000d59fe730) 
thrown [s\src\hotspot\share\interpreter\linkResolver.cpp, line 773]
Event: 0.391 Thread 0x0000016601a9b110 Exception <a 'java/lang/NoSuchMethodError'{0x00000000d5a03080}: 'void java.lang.invoke.DirectMethodHandle$Holder.invokeStatic(java.lang.Object, java.lang.Object, int, java.lang.Object)'> (0x00000000d5a03080) 
thrown [s\src\hotspot\share\interpreter\linkResolver.cpp, line 773]
Event: 0.392 Thread 0x0000016601a9b110 Exception <a 'java/lang/NoSuchMethodError'{0x00000000d5a06c10}: 'void java.lang.invoke.DirectMethodHandle$Holder.invokeSpecial(java.lang.Object, java.lang.Object, java.lang.Object, int, java.lang.Object)'> (0x00000000d5a06c10) 
thrown [s\src\hotspot\share\interpreter\linkResolver.cpp, line 773]
Event: 0.394 Thread 0x0000016601a9b110 Exception <a 'java/lang/NoSuchMethodError'{0x00000000d5a0a080}: 'void java.lang.invoke.DelegatingMethodHandle$Holder.delegate(java.lang.Object, java.lang.Object, int, java.lang.Object)'> (0x00000000d5a0a080) 
thrown [s\src\hotspot\share\interpreter\linkResolver.cpp, line 773]
Event: 0.517 Thread 0x0000016601a9b110 Exception <a 'java/lang/NoSuchMethodError'{0x00000000d5bd8520}: 'void java.lang.invoke.DelegatingMethodHandle$Holder.reinvoke_L(java.lang.Object, java.lang.Object, java.lang.Object, int)'> (0x00000000d5bd8520) 
thrown [s\src\hotspot\share\interpreter\linkResolver.cpp, line 773]
Event: 0.778 Thread 0x0000016601a9b110 Exception <a 'java/lang/NoSuchMethodError'{0x00000000d607ee00}: 'void java.lang.invoke.DirectMethodHandle$Holder.invokeVirtual(java.lang.Object, java.lang.Object)'> (0x00000000d607ee00) 
thrown [s\src\hotspot\share\interpreter\linkResolver.cpp, line 773]
Event: 0.982 Thread 0x0000016601a9b110 Exception <a 'java/lang/NoSuchMethodError'{0x00000000d645ccf8}: 'void java.lang.invoke.DirectMethodHandle$Holder.invokeStatic(java.lang.Object, java.lang.Object)'> (0x00000000d645ccf8) 
thrown [s\src\hotspot\share\interpreter\linkResolver.cpp, line 773]
Event: 0.990 Thread 0x0000016601a9b110 Exception <a 'java/lang/ClassNotFoundException'{0x00000000d6484e80}: sun/net/www/protocol/c/Handler> (0x00000000d6484e80) 
thrown [s\src\hotspot\share\classfile\systemDictionary.cpp, line 312]
Event: 1.024 Thread 0x0000016601a9b110 Exception <a 'java/io/FileNotFoundException'{0x00000000d64e2e28}> (0x00000000d64e2e28) 
thrown [s\src\hotspot\share\prims\jni.cpp, line 520]
Event: 1.025 Thread 0x0000016601a9b110 Exception <a 'java/io/FileNotFoundException'{0x00000000d64e41e8}> (0x00000000d64e41e8) 
thrown [s\src\hotspot\share\prims\jni.cpp, line 520]
Event: 1.025 Thread 0x0000016601a9b110 Exception <a 'java/io/FileNotFoundException'{0x00000000d64e4eb8}> (0x00000000d64e4eb8) 
thrown [s\src\hotspot\share\prims\jni.cpp, line 520]
Event: 1.026 Thread 0x0000016601a9b110 Exception <a 'java/io/FileNotFoundException'{0x00000000d64e5a58}> (0x00000000d64e5a58) 
thrown [s\src\hotspot\share\prims\jni.cpp, line 520]
Event: 1.035 Thread 0x0000016601a9b110 Implicit null exception at 0x000001660ebfde24 to 0x000001660ebfe3b8
Event: 1.041 Thread 0x0000016601a9b110 Exception <a 'java/io/FileNotFoundException'{0x00000000d651fc50}> (0x00000000d651fc50) 
thrown [s\src\hotspot\share\prims\jni.cpp, line 520]
Event: 1.067 Thread 0x0000016601a9b110 Exception <a 'java/lang/NoSuchMethodError'{0x00000000d655b988}: 'java.lang.Object java.lang.invoke.DirectMethodHandle$Holder.invokeInterface(java.lang.Object, java.lang.Object)'> (0x00000000d655b988) 
thrown [s\src\hotspot\share\interpreter\linkResolver.cpp, line 773]
Event: 1.075 Thread 0x0000016601a9b110 Exception <a 'java/lang/NoSuchMethodError'{0x00000000d656fac8}: 'java.lang.Object java.lang.invoke.Invokers$Holder.invokeExact_MT(java.lang.Object, java.lang.Object, java.lang.Object, java.lang.Object, java.lang.Object, java.lang.Object)'> (0x00000000d656fac8) 
thrown [s\src\hotspot\share\interpreter\linkResolver.cpp, line 773]
Event: 1.085 Thread 0x0000016601a9b110 Exception <a 'java/lang/NoSuchMethodError'{0x00000000d6586d20}: 'int java.lang.invoke.DirectMethodHandle$Holder.invokeStatic(java.lang.Object, java.lang.Object, java.lang.Object, java.lang.Object, java.lang.Object)'> (0x00000000d6586d20) 
thrown [s\src\hotspot\share\interpreter\linkResolver.cpp, line 773]
Event: 1.137 Thread 0x0000016601a9b110 Exception <a 'java/lang/NoSuchMethodError'{0x00000000d661ce70}: 'java.lang.Object java.lang.invoke.DirectMethodHandle$Holder.invokeInterface(java.lang.Object, java.lang.Object, int)'> (0x00000000d661ce70) 
thrown [s\src\hotspot\share\interpreter\linkResolver.cpp, line 773]
Event: 1.356 Thread 0x0000016601a9b110 Exception <a 'java/lang/NoSuchMethodError'{0x00000000d6aaa6c8}: 'java.lang.ClassLoader java.lang.ClassLoader.getPlatformClassLoader(java.lang.Class)'> (0x00000000d6aaa6c8) 
thrown [s\src\hotspot\share\interpreter\linkResolver.cpp, line 773]

ZGC Phase Switch (0 events):
No events

VM Operations (12 events):
Event: 0.177 Executing VM operation: HandshakeAllThreads (Deoptimize)
Event: 0.177 Executing VM operation: HandshakeAllThreads (Deoptimize) done
Event: 0.318 Executing VM operation: HandshakeAllThreads (Deoptimize)
Event: 0.318 Executing VM operation: HandshakeAllThreads (Deoptimize) done
Event: 0.941 Executing VM operation: HandshakeAllThreads (Deoptimize)
Event: 0.941 Executing VM operation: HandshakeAllThreads (Deoptimize) done
Event: 0.974 Executing VM operation: HandshakeAllThreads (Deoptimize)
Event: 0.974 Executing VM operation: HandshakeAllThreads (Deoptimize) done
Event: 1.431 Executing VM operation: ICBufferFull
Event: 1.431 Executing VM operation: ICBufferFull done
Event: 1.462 Executing VM operation: ParallelGCFailedAllocation (Allocation Failure)
Event: 1.472 Executing VM operation: ParallelGCFailedAllocation (Allocation Failure) done

Memory protections (0 events):
No events

Nmethod flushes (0 events):
No events

Events (12 events):
Event: 0.054 Thread 0x0000016601a9b110 Thread added: 0x0000016601a9b110
Event: 0.085 Thread 0x0000016601a9b110 Thread added: 0x0000016603eb9720
Event: 0.085 Thread 0x0000016601a9b110 Thread added: 0x0000016603ebb8f0
Event: 0.086 Thread 0x0000016601a9b110 Thread added: 0x0000016603fb1330
Event: 0.086 Thread 0x0000016601a9b110 Thread added: 0x0000016603fb1d80
Event: 0.086 Thread 0x0000016601a9b110 Thread added: 0x0000016603fb2980
Event: 0.086 Thread 0x0000016601a9b110 Thread added: 0x0000016603fbc940
Event: 0.086 Thread 0x0000016601a9b110 Thread added: 0x000001665cd025d0
Event: 0.087 Thread 0x0000016601a9b110 Thread added: 0x000001665cd02fb0
Event: 0.143 Thread 0x0000016601a9b110 Thread added: 0x000001665cded700
Event: 0.451 Thread 0x000001665cd02fb0 Thread added: 0x000001665d0426a0
Event: 0.654 Thread 0x0000016601a9b110 Thread added: 0x000001665d02c170


Dynamic libraries:
0x00007ff795250000 - 0x00007ff79525e000 	c:\Users\MyBook Hype AMD\.vscode\extensions\redhat.java-1.46.0-win32-x64\jre\21.0.8-win32-x86_64\bin\java.exe
0x00007ffee48c0000 - 0x00007ffee4b28000 	C:\WINDOWS\SYSTEM32\ntdll.dll
0x00007ffee3770000 - 0x00007ffee3839000 	C:\WINDOWS\System32\KERNEL32.DLL
0x00007ffee1a50000 - 0x00007ffee1e42000 	C:\WINDOWS\System32\KERNELBASE.dll
0x00007ffee1f10000 - 0x00007ffee205b000 	C:\WINDOWS\System32\ucrtbase.dll
0x00007ffebe4a0000 - 0x00007ffebe4be000 	c:\Users\MyBook Hype AMD\.vscode\extensions\redhat.java-1.46.0-win32-x64\jre\21.0.8-win32-x86_64\bin\VCRUNTIME140.dll
0x00007ffec2030000 - 0x00007ffec2048000 	c:\Users\MyBook Hype AMD\.vscode\extensions\redhat.java-1.46.0-win32-x64\jre\21.0.8-win32-x86_64\bin\jli.dll
0x00007ffee3880000 - 0x00007ffee3a45000 	C:\WINDOWS\System32\USER32.dll
0x00007ffeca550000 - 0x00007ffeca7e3000 	C:\WINDOWS\WinSxS\amd64_microsoft.windows.common-controls_6595b64144ccf1df_6.0.26100.6725_none_3e085828e334708b\COMCTL32.dll
0x00007ffee2060000 - 0x00007ffee2087000 	C:\WINDOWS\System32\win32u.dll
0x00007ffee2760000 - 0x00007ffee2809000 	C:\WINDOWS\System32\msvcrt.dll
0x00007ffee4600000 - 0x00007ffee462b000 	C:\WINDOWS\System32\GDI32.dll
0x00007ffee2430000 - 0x00007ffee255d000 	C:\WINDOWS\System32\gdi32full.dll
0x00007ffee2380000 - 0x00007ffee2423000 	C:\WINDOWS\System32\msvcp_win.dll
0x00007ffee3840000 - 0x00007ffee386f000 	C:\WINDOWS\System32\IMM32.DLL
0x00007ffece910000 - 0x00007ffece91c000 	c:\Users\MyBook Hype AMD\.vscode\extensions\redhat.java-1.46.0-win32-x64\jre\21.0.8-win32-x86_64\bin\vcruntime140_1.dll
0x00007ffe7d280000 - 0x00007ffe7d30d000 	c:\Users\MyBook Hype AMD\.vscode\extensions\redhat.java-1.46.0-win32-x64\jre\21.0.8-win32-x86_64\bin\msvcp140.dll
0x00007ffe07b60000 - 0x00007ffe088f7000 	c:\Users\MyBook Hype AMD\.vscode\extensions\redhat.java-1.46.0-win32-x64\jre\21.0.8-win32-x86_64\bin\server\jvm.dll
0x00007ffee36a0000 - 0x00007ffee3754000 	C:\WINDOWS\System32\ADVAPI32.dll
0x00007ffee4300000 - 0x00007ffee43a6000 	C:\WINDOWS\System32\sechost.dll
0x00007ffee43b0000 - 0x00007ffee44c8000 	C:\WINDOWS\System32\RPCRT4.dll
0x00007ffee4730000 - 0x00007ffee47a4000 	C:\WINDOWS\System32\WS2_32.dll
0x00007ffee18b0000 - 0x00007ffee190e000 	C:\WINDOWS\SYSTEM32\POWRPROF.dll
0x00007ffedb4d0000 - 0x00007ffedb4db000 	C:\WINDOWS\SYSTEM32\VERSION.dll
0x00007ffeda8f0000 - 0x00007ffeda925000 	C:\WINDOWS\SYSTEM32\WINMM.dll
0x00007ffee1890000 - 0x00007ffee18a4000 	C:\WINDOWS\SYSTEM32\UMPDC.dll
0x00007ffee07e0000 - 0x00007ffee07fb000 	C:\WINDOWS\SYSTEM32\kernel.appcore.dll
0x00007ffec7710000 - 0x00007ffec771a000 	c:\Users\MyBook Hype AMD\.vscode\extensions\redhat.java-1.46.0-win32-x64\jre\21.0.8-win32-x86_64\bin\jimage.dll
0x00007ffed7450000 - 0x00007ffed7692000 	C:\WINDOWS\SYSTEM32\DBGHELP.DLL
0x00007ffee3a50000 - 0x00007ffee3dcb000 	C:\WINDOWS\System32\combase.dll
0x00007ffee35c0000 - 0x00007ffee3697000 	C:\WINDOWS\System32\OLEAUT32.dll
0x00007ffec9a50000 - 0x00007ffec9a8c000 	C:\WINDOWS\SYSTEM32\dbgcore.DLL
0x00007ffee25f0000 - 0x00007ffee2688000 	C:\WINDOWS\System32\bcryptPrimitives.dll
0x00007ffebe490000 - 0x00007ffebe49f000 	c:\Users\MyBook Hype AMD\.vscode\extensions\redhat.java-1.46.0-win32-x64\jre\21.0.8-win32-x86_64\bin\instrument.dll
0x00007ffeb7700000 - 0x00007ffeb771f000 	c:\Users\MyBook Hype AMD\.vscode\extensions\redhat.java-1.46.0-win32-x64\jre\21.0.8-win32-x86_64\bin\java.dll
0x00007ffee2810000 - 0x00007ffee2f5c000 	C:\WINDOWS\System32\SHELL32.dll
0x00007ffee2090000 - 0x00007ffee21fb000 	C:\WINDOWS\System32\wintypes.dll
0x00007ffedf680000 - 0x00007ffedfedd000 	C:\WINDOWS\SYSTEM32\windows.storage.dll
0x00007ffee4630000 - 0x00007ffee4722000 	C:\WINDOWS\System32\SHCORE.dll
0x00007ffee4590000 - 0x00007ffee45f2000 	C:\WINDOWS\System32\shlwapi.dll
0x00007ffee1970000 - 0x00007ffee1999000 	C:\WINDOWS\SYSTEM32\profapi.dll
0x00007ffeb3af0000 - 0x00007ffeb3b08000 	c:\Users\MyBook Hype AMD\.vscode\extensions\redhat.java-1.46.0-win32-x64\jre\21.0.8-win32-x86_64\bin\zip.dll
0x00007ffeb7550000 - 0x00007ffeb7560000 	C:\Users\MyBook Hype AMD\.vscode\extensions\redhat.java-1.46.0-win32-x64\jre\21.0.8-win32-x86_64\bin\net.dll
0x00007ffeda110000 - 0x00007ffeda22f000 	C:\WINDOWS\SYSTEM32\WINHTTP.dll
0x00007ffee0d30000 - 0x00007ffee0d9b000 	C:\WINDOWS\system32\mswsock.dll
0x00007ffeb3390000 - 0x00007ffeb33a6000 	C:\Users\MyBook Hype AMD\.vscode\extensions\redhat.java-1.46.0-win32-x64\jre\21.0.8-win32-x86_64\bin\nio.dll
0x00007ffe9a0b0000 - 0x00007ffe9a0c0000 	c:\Users\MyBook Hype AMD\.vscode\extensions\redhat.java-1.46.0-win32-x64\jre\21.0.8-win32-x86_64\bin\verify.dll

JVMTI agents:
c:\Users\MyBook Hype AMD\.vscode\extensions\redhat.java-1.46.0-win32-x64\lombok\lombok-1.18.39-4050.jar path:c:\Users\MyBook Hype AMD\.vscode\extensions\redhat.java-1.46.0-win32-x64\jre\21.0.8-win32-x86_64\bin\instrument.dll, loaded, initialized, instrumentlib options:none

dbghelp: loaded successfully - version: 4.0.5 - missing functions: none
symbol engine: initialized successfully - sym options: 0x614 - pdb path: .;c:\Users\MyBook Hype AMD\.vscode\extensions\redhat.java-1.46.0-win32-x64\jre\21.0.8-win32-x86_64\bin;C:\WINDOWS\SYSTEM32;C:\WINDOWS\WinSxS\amd64_microsoft.windows.common-controls_6595b64144ccf1df_6.0.26100.6725_none_3e085828e334708b;c:\Users\MyBook Hype AMD\.vscode\extensions\redhat.java-1.46.0-win32-x64\jre\21.0.8-win32-x86_64\bin\server

VM Arguments:
jvm_args: --add-modules=ALL-SYSTEM --add-opens=java.base/java.util=ALL-UNNAMED --add-opens=java.base/java.lang=ALL-UNNAMED --add-opens=java.base/sun.nio.fs=ALL-UNNAMED -Declipse.application=org.eclipse.jdt.ls.core.id1 -Dosgi.bundles.defaultStartLevel=4 -Declipse.product=org.eclipse.jdt.ls.core.product -Djava.import.generatesMetadataFilesAtProjectRoot=false -DDetectVMInstallationsJob.disabled=true -Dfile.encoding=utf8 -XX:+UseParallelGC -XX:GCTimeRatio=4 -XX:AdaptiveSizePolicyWeight=90 -Dsun.zip.disableMemoryMapping=true -Xmx2G -Xms100m -Xlog:disable -javaagent:c:\Users\MyBook Hype AMD\.vscode\extensions\redhat.java-1.46.0-win32-x64\lombok\lombok-1.18.39-4050.jar -XX:+HeapDumpOnOutOfMemoryError -XX:HeapDumpPath=c:\Users\MyBook Hype AMD\AppData\Roaming\Code\User\workspaceStorage\dfb97b31f6dd9656776869df2afc24b7\redhat.java -Daether.dependencyCollector.impl=bf 
java_command: c:\Users\MyBook Hype AMD\.vscode\extensions\redhat.java-1.46.0-win32-x64\server\plugins\org.eclipse.equinox.launcher_1.7.0.v20250519-0528.jar -configuration c:\Users\MyBook Hype AMD\AppData\Roaming\Code\User\globalStorage\redhat.java\1.46.0\config_win -data c:\Users\MyBook Hype AMD\AppData\Roaming\Code\User\workspaceStorage\dfb97b31f6dd9656776869df2afc24b7\redhat.java\jdt_ws --pipe=\\.\pipe\lsp-e19ed6ae5d4d905b8fe1a452e235b4dd-sock
java_class_path (initial): c:\Users\MyBook Hype AMD\.vscode\extensions\redhat.java-1.46.0-win32-x64\server\plugins\org.eclipse.equinox.launcher_1.7.0.v20250519-0528.jar
Launcher Type: SUN_STANDARD

[Global flags]
    uintx AdaptiveSizePolicyWeight                 = 90                                        {product} {command line}
     intx CICompilerCount                          = 4                                         {product} {ergonomic}
    uintx GCTimeRatio                              = 4                                         {product} {command line}
     bool HeapDumpOnOutOfMemoryError               = true                                   {manageable} {command line}
    ccstr HeapDumpPath                             = c:\Users\MyBook Hype AMD\AppData\Roaming\Code\User\workspaceStorage\dfb97b31f6dd9656776869df2afc24b7\redhat.java         {manageable} {command line}
   size_t InitialHeapSize                          = 104857600                                 {product} {command line}
   size_t MaxHeapSize                              = 2147483648                                {product} {command line}
   size_t MaxNewSize                               = 715653120                                 {product} {ergonomic}
   size_t MinHeapDeltaBytes                        = 524288                                    {product} {ergonomic}
   size_t MinHeapSize                              = 104857600                                 {product} {command line}
   size_t NewSize                                  = 34603008                                  {product} {ergonomic}
    uintx NonNMethodCodeHeapSize                   = 5839372                                {pd product} {ergonomic}
    uintx NonProfiledCodeHeapSize                  = 122909434                              {pd product} {ergonomic}
   size_t OldSize                                  = 70254592                                  {product} {ergonomic}
    uintx ProfiledCodeHeapSize                     = 122909434                              {pd product} {ergonomic}
    uintx ReservedCodeCacheSize                    = 251658240                              {pd product} {ergonomic}
     bool SegmentedCodeCache                       = true                                      {product} {ergonomic}
   size_t SoftMaxHeapSize                          = 2147483648                             {manageable} {ergonomic}
     bool UseCompressedOops                        = true                           {product lp64_product} {ergonomic}
     bool UseLargePagesIndividualAllocation        = false                                  {pd product} {ergonomic}
     bool UseParallelGC                            = true                                      {product} {command line}

Logging:
Log output configuration:
 #0: stdout all=off uptime,level,tags foldmultilines=false
 #1: stderr all=off uptime,level,tags foldmultilines=false

Environment Variables:
JAVA_HOME=C:\jdk-21.0.5
PATH=C:\Python313\Scripts\;C:\Python313\;C:\Program Files\Common Files\Oracle\Java\javapath;C:\Program Files (x86)\Common Files\Oracle\Java\javapath;C:\WINDOWS\system32;C:\WINDOWS;C:\WINDOWS\System32\Wbem;C:\WINDOWS\System32\WindowsPowerShell\v1.0\;C:\WINDOWS\System32\OpenSSH\;C:\MinGW\bin;C:\Program Files\Git\cmd;C:\Program Files\dotnet\;C:\Program Files (x86)\Microsoft SQL Server\160\DTS\Binn\;C:\Program Files\Apache\maven\apache-maven-3.9.9\bin;C:\apache-maven-3.9.9\bin;C:\mingw64\bin;C:\ProgramData\chocolatey\bin;C:\Program Files\MySQL\MySQL Server 8.0\bin;C:\Program Files\nodejs\;C:\Users\MyBook Hype AMD\AppData\Local\pnpm;C:\Users\MyBook Hype AMD\AppData\Local\Programs\Microsoft VS Code\bin;C:\Users\MyBook Hype AMD\AppData\Local\Microsoft\WindowsApps;C:\Program Files\MySQL\MySQL Server 8.0\bin;C:\Users\MyBook Hype AMD\AppData\Roaming\npm
USERNAME=MyBook Hype AMD
OS=Windows_NT
PROCESSOR_IDENTIFIER=AMD64 Family 23 Model 104 Stepping 1, AuthenticAMD
TMP=C:\Users\MYBOOK~1\AppData\Local\Temp
TEMP=C:\Users\MYBOOK~1\AppData\Local\Temp




Periodic native trim disabled

---------------  S Y S T E M  ---------------

OS:
 Windows 11 , 64 bit Build 26100 (10.0.26100.6725)
OS uptime: 0 days 3:35 hours
Hyper-V role detected

CPU: total 12 (initial active 12) (12 cores per cpu, 2 threads per core) family 23 model 104 stepping 1 microcode 0x8608107, cx8, cmov, fxsr, ht, mmx, 3dnowpref, sse, sse2, sse3, ssse3, sse4a, sse4.1, sse4.2, popcnt, lzcnt, tsc, tscinvbit, avx, avx2, aes, clmul, bmi1, bmi2, adx, sha, fma, vzeroupper, clflush, clflushopt, hv, rdtscp, rdpid, f16c
Processor Information for the first 12 processors :
  Max Mhz: 2100, Current Mhz: 1988, Mhz Limit: 2100

Memory: 4k page, system-wide physical 7560M (443M free)
TotalPageFile size 26732M (AvailPageFile size 4M)
current process WorkingSet (physical memory assigned to process): 81M, peak: 81M
current process commit charge ("private bytes"): 241M, peak: 242M

vm_info: OpenJDK 64-Bit Server VM (21.0.8+9-LTS) for windows-amd64 JRE (21.0.8+9-LTS), built on 2025-07-15T00:00:00Z by "admin" with MS VC++ 17.7 (VS2022)

END.
