#
# There is insufficient memory for the Java Runtime Environment to continue.
# Native memory allocation (malloc) failed to allocate 1383376 bytes. Error detail: Chunk::new
# Possible reasons:
#   The system is out of physical RAM or swap space
#   This process is running with CompressedOops enabled, and the Java Heap may be blocking the growth of the native heap
# Possible solutions:
#   Reduce memory load on the system
#   Increase physical memory or swap space
#   Check if swap backing store is full
#   Decrease Java heap size (-Xmx/-Xms)
#   Decrease number of Java threads
#   Decrease Java thread stack sizes (-Xss)
#   Set larger code cache with -XX:ReservedCodeCacheSize=
#   JVM is running with Unscaled Compressed Oops mode in which the Java heap is
#     placed in the first 4GB address space. The Java Heap base address is the
#     maximum limit for the native heap growth. Please use -XX:HeapBaseMinAddress
#     to set the Java Heap base and to place the Java Heap above 4GB virtual address.
# This output file may be truncated or incomplete.
#
#  Out of Memory Error (arena.cpp:168), pid=13984, tid=19628
#
# JRE version: OpenJDK Runtime Environment Temurin-21.0.8+9 (21.0.8+9) (build 21.0.8+9-LTS)
# Java VM: OpenJDK 64-Bit Server VM Temurin-21.0.8+9 (21.0.8+9-LTS, mixed mode, sharing, tiered, compressed oops, compressed class ptrs, parallel gc, windows-amd64)
# No core dump will be written. Minidumps are not enabled by default on client versions of Windows
#

---------------  S U M M A R Y ------------

Command Line: --add-modules=ALL-SYSTEM --add-opens=java.base/java.util=ALL-UNNAMED --add-opens=java.base/java.lang=ALL-UNNAMED --add-opens=java.base/sun.nio.fs=ALL-UNNAMED -Declipse.application=org.eclipse.jdt.ls.core.id1 -Dosgi.bundles.defaultStartLevel=4 -Declipse.product=org.eclipse.jdt.ls.core.product -Djava.import.generatesMetadataFilesAtProjectRoot=false -DDetectVMInstallationsJob.disabled=true -Dfile.encoding=utf8 -XX:+UseParallelGC -XX:GCTimeRatio=4 -XX:AdaptiveSizePolicyWeight=90 -Dsun.zip.disableMemoryMapping=true -Xmx2G -Xms100m -Xlog:disable -javaagent:c:\Users\MyBook Hype AMD\.vscode\extensions\redhat.java-1.46.0-win32-x64\lombok\lombok-1.18.39-4050.jar -XX:+HeapDumpOnOutOfMemoryError -XX:HeapDumpPath=c:\Users\MyBook Hype AMD\AppData\Roaming\Code\User\workspaceStorage\dfb97b31f6dd9656776869df2afc24b7\redhat.java -Daether.dependencyCollector.impl=bf c:\Users\MyBook Hype AMD\.vscode\extensions\redhat.java-1.46.0-win32-x64\server\plugins\org.eclipse.equinox.launcher_1.7.0.v20250519-0528.jar -configuration c:\Users\MyBook Hype AMD\AppData\Roaming\Code\User\globalStorage\redhat.java\1.46.0\config_win -data c:\Users\MyBook Hype AMD\AppData\Roaming\Code\User\workspaceStorage\dfb97b31f6dd9656776869df2afc24b7\redhat.java\jdt_ws --pipe=\\.\pipe\lsp-8c65f71350acb49a271487ed3327f517-sock

Host: AMD Ryzen 5 5500U with Radeon Graphics         , 12 cores, 7G,  Windows 11 , 64 bit Build 26100 (10.0.26100.6725)
Time: Wed Oct  8 01:08:02 2025 SE Asia Standard Time elapsed time: 7.940860 seconds (0d 0h 0m 7s)

---------------  T H R E A D  ---------------

Current thread (0x000002bcfd399880):  JavaThread "C2 CompilerThread1" daemon [_thread_in_native, id=19628, stack(0x000000fc3c900000,0x000000fc3ca00000) (1024K)]


Current CompileTask:
C2:7940 4350       4       org.eclipse.osgi.internal.serviceregistry.ServiceRegistry::notifyHooksPrivileged (57 bytes)

Stack: [0x000000fc3c900000,0x000000fc3ca00000]
Native frames: (J=compiled Java code, j=interpreted, Vv=VM code, C=native code)
V  [jvm.dll+0x6d2449]
V  [jvm.dll+0x8ae341]
V  [jvm.dll+0x8b08be]
V  [jvm.dll+0x8b0fa3]
V  [jvm.dll+0x280c96]
V  [jvm.dll+0xc581d]
V  [jvm.dll+0xc5d53]
V  [jvm.dll+0x3b9162]
V  [jvm.dll+0x1e1409]
V  [jvm.dll+0x249022]
V  [jvm.dll+0x2484af]
V  [jvm.dll+0x1c89ee]
V  [jvm.dll+0x257d4d]
V  [jvm.dll+0x2562ea]
V  [jvm.dll+0x3f2d16]
V  [jvm.dll+0x857e6b]
V  [jvm.dll+0x6d0b0d]
C  [ucrtbase.dll+0x37b0]
C  [KERNEL32.DLL+0x2e8d7]
C  [ntdll.dll+0x8c53c]


---------------  P R O C E S S  ---------------

Threads class SMR info:
_java_thread_list=0x000002bcfca44650, length=27, elements={
0x000002bc9dfa3040, 0x000002bc9df4a250, 0x000002bc9df4c6f0, 0x000002bcf7881fc0,
0x000002bcf7886b30, 0x000002bcf788b650, 0x000002bcf788d730, 0x000002bcf78a6a20,
0x000002bcf78a9250, 0x000002bcf7996760, 0x000002bcf7be9760, 0x000002bcfc8061b0,
0x000002bcfc806840, 0x000002bcfc805490, 0x000002bcfc806ed0, 0x000002bcfc8040e0,
0x000002bcfc807560, 0x000002bcfc804e00, 0x000002bcfc805b20, 0x000002bcfc804770,
0x000002bcfd2437e0, 0x000002bcfd245220, 0x000002bcfd399880, 0x000002bcfd2458b0,
0x000002bcfd245f40, 0x000002bcfd242ac0, 0x000002bcfd2465d0
}

Java Threads: ( => current thread )
  0x000002bc9dfa3040 JavaThread "main"                              [_thread_blocked, id=8388, stack(0x000000fc3a800000,0x000000fc3a900000) (1024K)]
  0x000002bc9df4a250 JavaThread "Reference Handler"          daemon [_thread_blocked, id=10044, stack(0x000000fc3ac00000,0x000000fc3ad00000) (1024K)]
  0x000002bc9df4c6f0 JavaThread "Finalizer"                  daemon [_thread_blocked, id=18076, stack(0x000000fc3ad00000,0x000000fc3ae00000) (1024K)]
  0x000002bcf7881fc0 JavaThread "Signal Dispatcher"          daemon [_thread_blocked, id=23580, stack(0x000000fc3ae00000,0x000000fc3af00000) (1024K)]
  0x000002bcf7886b30 JavaThread "Attach Listener"            daemon [_thread_blocked, id=10924, stack(0x000000fc3af00000,0x000000fc3b000000) (1024K)]
  0x000002bcf788b650 JavaThread "Service Thread"             daemon [_thread_blocked, id=19880, stack(0x000000fc3b000000,0x000000fc3b100000) (1024K)]
  0x000002bcf788d730 JavaThread "Monitor Deflation Thread"   daemon [_thread_blocked, id=13208, stack(0x000000fc3b100000,0x000000fc3b200000) (1024K)]
  0x000002bcf78a6a20 JavaThread "C2 CompilerThread0"         daemon [_thread_in_native, id=17580, stack(0x000000fc3b200000,0x000000fc3b300000) (1024K)]
  0x000002bcf78a9250 JavaThread "C1 CompilerThread0"         daemon [_thread_blocked, id=23004, stack(0x000000fc3b300000,0x000000fc3b400000) (1024K)]
  0x000002bcf7996760 JavaThread "Common-Cleaner"             daemon [_thread_blocked, id=19912, stack(0x000000fc3b400000,0x000000fc3b500000) (1024K)]
  0x000002bcf7be9760 JavaThread "Notification Thread"        daemon [_thread_blocked, id=21328, stack(0x000000fc3b600000,0x000000fc3b700000) (1024K)]
  0x000002bcfc8061b0 JavaThread "Active Thread: Equinox Container: 3f9738fc-6bcf-4342-8b56-3fc49760a726"        [_thread_blocked, id=5940, stack(0x000000fc3be00000,0x000000fc3bf00000) (1024K)]
  0x000002bcfc806840 JavaThread "Refresh Thread: Equinox Container: 3f9738fc-6bcf-4342-8b56-3fc49760a726" daemon [_thread_blocked, id=18724, stack(0x000000fc3c000000,0x000000fc3c100000) (1024K)]
  0x000002bcfc805490 JavaThread "Framework Event Dispatcher: Equinox Container: 3f9738fc-6bcf-4342-8b56-3fc49760a726" daemon [_thread_blocked, id=20896, stack(0x000000fc3c100000,0x000000fc3c200000) (1024K)]
  0x000002bcfc806ed0 JavaThread "Start Level: Equinox Container: 3f9738fc-6bcf-4342-8b56-3fc49760a726" daemon [_thread_blocked, id=13668, stack(0x000000fc3c200000,0x000000fc3c300000) (1024K)]
  0x000002bcfc8040e0 JavaThread "Bundle File Closer"         daemon [_thread_blocked, id=20216, stack(0x000000fc3c500000,0x000000fc3c600000) (1024K)]
  0x000002bcfc807560 JavaThread "SCR Component Actor"        daemon [_thread_blocked, id=13288, stack(0x000000fc3b700000,0x000000fc3b800000) (1024K)]
  0x000002bcfc804e00 JavaThread "Worker-JM"                         [_thread_blocked, id=20176, stack(0x000000fc3c600000,0x000000fc3c700000) (1024K)]
  0x000002bcfc805b20 JavaThread "JNA Cleaner"                daemon [_thread_blocked, id=14372, stack(0x000000fc3b500000,0x000000fc3b600000) (1024K)]
  0x000002bcfc804770 JavaThread "Worker-0: Building"                [_thread_blocked, id=21476, stack(0x000000fc3c700000,0x000000fc3c800000) (1024K)]
  0x000002bcfd2437e0 JavaThread "Worker-1"                          [_thread_blocked, id=21988, stack(0x000000fc3c800000,0x000000fc3c900000) (1024K)]
  0x000002bcfd245220 JavaThread "Worker-2: Repository registry initialization"        [_thread_blocked, id=20548, stack(0x000000fc3ca00000,0x000000fc3cb00000) (1024K)]
=>0x000002bcfd399880 JavaThread "C2 CompilerThread1"         daemon [_thread_in_native, id=19628, stack(0x000000fc3c900000,0x000000fc3ca00000) (1024K)]
  0x000002bcfd2458b0 JavaThread "Java indexing"              daemon [_thread_blocked, id=11072, stack(0x000000fc3cb00000,0x000000fc3cc00000) (1024K)]
  0x000002bcfd245f40 JavaThread ""                                  [_thread_blocked, id=18316, stack(0x000000fc3cc00000,0x000000fc3cd00000) (1024K)]
  0x000002bcfd242ac0 JavaThread "Worker-4: Initialize After Load"        [_thread_blocked, id=7180, stack(0x000000fc3cd00000,0x000000fc3ce00000) (1024K)]
  0x000002bcfd2465d0 JavaThread "Worker-5"                          [_thread_blocked, id=12452, stack(0x000000fc3d100000,0x000000fc3d200000) (1024K)]
Total: 27

Other Threads:
  0x000002bc9e05e9d0 VMThread "VM Thread"                           [id=11880, stack(0x000000fc3ab00000,0x000000fc3ac00000) (1024K)]
  0x000002bc9de2c8d0 WatcherThread "VM Periodic Task Thread"        [id=13280, stack(0x000000fc3aa00000,0x000000fc3ab00000) (1024K)]
  0x000002bc9dfc05a0 WorkerThread "GC Thread#0"                     [id=7444, stack(0x000000fc3a900000,0x000000fc3aa00000) (1024K)]
  0x000002bcfc4cadf0 WorkerThread "GC Thread#1"                     [id=21720, stack(0x000000fc3b800000,0x000000fc3b900000) (1024K)]
  0x000002bcfc899410 WorkerThread "GC Thread#2"                     [id=22324, stack(0x000000fc3b900000,0x000000fc3ba00000) (1024K)]
  0x000002bcfc8997b0 WorkerThread "GC Thread#3"                     [id=23808, stack(0x000000fc3ba00000,0x000000fc3bb00000) (1024K)]
  0x000002bcfc769b80 WorkerThread "GC Thread#4"                     [id=18736, stack(0x000000fc3bb00000,0x000000fc3bc00000) (1024K)]
  0x000002bcfc769f20 WorkerThread "GC Thread#5"                     [id=14044, stack(0x000000fc3bc00000,0x000000fc3bd00000) (1024K)]
  0x000002bcfc89ab60 WorkerThread "GC Thread#6"                     [id=15472, stack(0x000000fc3bd00000,0x000000fc3be00000) (1024K)]
  0x000002bcfc7ceaa0 WorkerThread "GC Thread#7"                     [id=8256, stack(0x000000fc3bf00000,0x000000fc3c000000) (1024K)]
  0x000002bcfce14c30 WorkerThread "GC Thread#8"                     [id=18672, stack(0x000000fc3c300000,0x000000fc3c400000) (1024K)]
  0x000002bcfc8dd1f0 WorkerThread "GC Thread#9"                     [id=19080, stack(0x000000fc3c400000,0x000000fc3c500000) (1024K)]
Total: 12

Threads with active compile tasks:
C2 CompilerThread0  8986 4200       4       org.lombokweb.asm.ClassReader::readMethod (1070 bytes)
C1 CompilerThread0  8986 4758       2       org.codehaus.plexus.util.xml.pull.MXParser::parseStartTag (1205 bytes)
C2 CompilerThread1  8986 4350       4       org.eclipse.osgi.internal.serviceregistry.ServiceRegistry::notifyHooksPrivileged (57 bytes)
Total: 3

VM state: at safepoint (normal execution)

VM Mutex/Monitor currently owned by a thread:  ([mutex/lock_event])
[0x00007ffe71455458] Threads_lock - owner thread: 0x000002bc9e05e9d0
[0x00007ffe71455558] Heap_lock - owner thread: 0x000002bcfd245220

Heap address: 0x0000000080000000, size: 2048 MB, Compressed Oops mode: 32-bit

CDS archive(s) mapped at: [0x000002bcb5000000-0x000002bcb5ba0000-0x000002bcb5ba0000), size 12189696, SharedBaseAddress: 0x000002bcb5000000, ArchiveRelocationMode: 1.
Compressed class space mapped at: 0x000002bcb6000000-0x000002bcf6000000, reserved size: 1073741824
Narrow klass base: 0x000002bcb5000000, Narrow klass shift: 0, Narrow klass range: 0x100000000

GC Precious Log:
 CardTable entry size: 512
 CPUs: 12 total, 12 available
 Memory: 7560M
 Large Page Support: Disabled
 NUMA Support: Disabled
 Compressed Oops: Enabled (32-bit)
 Alignments: Space 512K, Generation 512K, Heap 2M
 Heap Min Capacity: 100M
 Heap Initial Capacity: 100M
 Heap Max Capacity: 2G
 Pre-touch: Disabled
 Parallel Workers: 10

Heap:
 PSYoungGen      total 23552K, used 1289K [0x00000000d5580000, 0x00000000d7080000, 0x0000000100000000)
  eden space 22016K, 0% used [0x00000000d5580000,0x00000000d5580000,0x00000000d6b00000)
  from space 1536K, 83% used [0x00000000d6e80000,0x00000000d6fc2500,0x00000000d7000000)
  to   space 512K, 0% used [0x00000000d7000000,0x00000000d7000000,0x00000000d7080000)
 ParOldGen       total 68608K, used 18835K [0x0000000080000000, 0x0000000084300000, 0x00000000d5580000)
  object space 68608K, 27% used [0x0000000080000000,0x0000000081264fe8,0x0000000084300000)
 Metaspace       used 34746K, committed 35840K, reserved 1114112K
  class space    used 3619K, committed 4096K, reserved 1048576K

Card table byte_map: [0x000002bc9d940000,0x000002bc9dd50000] _byte_map_base: 0x000002bc9d540000

Marking Bits: (ParMarkBitMap*) 0x00007ffe7145a340
 Begin Bits: [0x000002bcb0440000, 0x000002bcb2440000)
 End Bits:   [0x000002bcb2440000, 0x000002bcb4440000)

Polling page: 0x000002bc9c000000

Metaspace:

Usage:
  Non-class:     30.40 MB used.
      Class:      3.54 MB used.
       Both:     33.93 MB used.

Virtual space:
  Non-class space:       64.00 MB reserved,      31.00 MB ( 48%) committed,  1 nodes.
      Class space:        1.00 GB reserved,       4.00 MB ( <1%) committed,  1 nodes.
             Both:        1.06 GB reserved,      35.00 MB (  3%) committed. 

Chunk freelists:
   Non-Class:  512.00 KB
       Class:  11.86 MB
        Both:  12.36 MB

MaxMetaspaceSize: unlimited
CompressedClassSpaceSize: 1.00 GB
Initial GC threshold: 21.00 MB
Current GC threshold: 35.00 MB
CDS: on
 - commit_granule_bytes: 65536.
 - commit_granule_words: 8192.
 - virtual_space_node_default_size: 8388608.
 - enlarge_chunks_in_place: 1.
 - use_allocation_guard: 0.


Internal statistics:

num_allocs_failed_limit: 8.
num_arena_births: 882.
num_arena_deaths: 14.
num_vsnodes_births: 2.
num_vsnodes_deaths: 0.
num_space_committed: 560.
num_space_uncommitted: 0.
num_chunks_returned_to_freelist: 22.
num_chunks_taken_from_freelist: 2424.
num_chunk_merges: 13.
num_chunk_splits: 1488.
num_chunks_enlarged: 840.
num_inconsistent_stats: 0.

CodeHeap 'non-profiled nmethods': size=120000Kb used=1643Kb max_used=2060Kb free=118356Kb
 bounds [0x000002bca8c60000, 0x000002bca8ed0000, 0x000002bcb0190000]
CodeHeap 'profiled nmethods': size=120000Kb used=8124Kb max_used=9646Kb free=111875Kb
 bounds [0x000002bca1190000, 0x000002bca1b00000, 0x000002bca86c0000]
CodeHeap 'non-nmethods': size=5760Kb used=1348Kb max_used=1354Kb free=4411Kb
 bounds [0x000002bca86c0000, 0x000002bca8930000, 0x000002bca8c60000]
CodeCache: size=245760Kb, used=11115Kb, max_used=13060Kb, free=234642Kb
 total_blobs=4776, nmethods=4133, adapters=549, full_count=0
Compilation: enabled, stopped_count=0, restarted_count=0

Compilation events (20 events):
Event: 6.904 Thread 0x000002bcf78a9250 nmethod 4734 0x000002bca1af3e10 code [0x000002bca1af43a0, 0x000002bca1af69c0]
Event: 6.904 Thread 0x000002bcf78a9250 4729       3       java.lang.invoke.MethodHandle::isAncestorLoaderOf (35 bytes)
Event: 6.905 Thread 0x000002bcf78a9250 nmethod 4729 0x000002bca1af8110 code [0x000002bca1af8340, 0x000002bca1af8ab0]
Event: 6.905 Thread 0x000002bcf78a9250 4755       3       java.util.ArrayList::indexOfRange (71 bytes)
Event: 6.906 Thread 0x000002bcf78a9250 nmethod 4755 0x000002bca1af8d10 code [0x000002bca1af8f00, 0x000002bca1af9390]
Event: 6.906 Thread 0x000002bcf78a9250 4731       2       org.objectweb.asm.tree.Util::asArrayList (57 bytes)
Event: 6.907 Thread 0x000002bcf78a9250 nmethod 4731 0x000002bca1af9590 code [0x000002bca1af9760, 0x000002bca1af9b78]
Event: 6.907 Thread 0x000002bcf78a9250 4727       2       org.codehaus.plexus.util.xml.pull.MXParser::isNameStartChar (56 bytes)
Event: 6.907 Thread 0x000002bcf78a9250 nmethod 4727 0x000002bca1af9e90 code [0x000002bca1afa020, 0x000002bca1afa1a8]
Event: 6.907 Thread 0x000002bcf78a9250 4742       1       org.codehaus.plexus.util.xml.pull.MXParser::getEventType (5 bytes)
Event: 6.907 Thread 0x000002bcf78a9250 nmethod 4742 0x000002bca8e63090 code [0x000002bca8e63220, 0x000002bca8e632e8]
Event: 6.907 Thread 0x000002bcf78a9250 4739       2       org.objectweb.asm.MethodWriter::visitFrameStart (55 bytes)
Event: 6.907 Thread 0x000002bcf78a9250 nmethod 4739 0x000002bca1afa290 code [0x000002bca1afa440, 0x000002bca1afa6a0]
Event: 6.907 Thread 0x000002bcf78a9250 4740       2       org.objectweb.asm.MethodWriter::visitFrameEnd (53 bytes)
Event: 6.908 Thread 0x000002bcf78a9250 nmethod 4740 0x000002bca1afa810 code [0x000002bca1afa9c0, 0x000002bca1afac78]
Event: 6.908 Thread 0x000002bcf78a9250 4738       2       org.objectweb.asm.Frame::getConcreteOutputType (111 bytes)
Event: 6.908 Thread 0x000002bcf78a9250 nmethod 4738 0x000002bca1afad90 code [0x000002bca1afaf40, 0x000002bca1afb1a0]
Event: 6.908 Thread 0x000002bcf78a9250 4735       2       org.apache.aries.spifly.weaver.TCCLSetterVisitor::visitMethod (49 bytes)
Event: 6.908 Thread 0x000002bcf78a9250 nmethod 4735 0x000002bca1afb310 code [0x000002bca1afb4e0, 0x000002bca1afb7b8]
Event: 6.908 Thread 0x000002bcf78a9250 4758       2       org.codehaus.plexus.util.xml.pull.MXParser::parseStartTag (1205 bytes)

GC Heap History (20 events):
Event: 4.126 GC heap after
{Heap after GC invocations=5 (full 0):
 PSYoungGen      total 29184K, used 4091K [0x00000000d5580000, 0x00000000d7a00000, 0x0000000100000000)
  eden space 25088K, 0% used [0x00000000d5580000,0x00000000d5580000,0x00000000d6e00000)
  from space 4096K, 99% used [0x00000000d6e80000,0x00000000d727ecc8,0x00000000d7280000)
  to   space 6144K, 0% used [0x00000000d7400000,0x00000000d7400000,0x00000000d7a00000)
 ParOldGen       total 68608K, used 8135K [0x0000000080000000, 0x0000000084300000, 0x00000000d5580000)
  object space 68608K, 11% used [0x0000000080000000,0x00000000807f1f10,0x0000000084300000)
 Metaspace       used 15773K, committed 16320K, reserved 1114112K
  class space    used 1641K, committed 1920K, reserved 1048576K
}
Event: 4.768 GC heap before
{Heap before GC invocations=6 (full 0):
 PSYoungGen      total 29184K, used 29179K [0x00000000d5580000, 0x00000000d7a00000, 0x0000000100000000)
  eden space 25088K, 100% used [0x00000000d5580000,0x00000000d6e00000,0x00000000d6e00000)
  from space 4096K, 99% used [0x00000000d6e80000,0x00000000d727ecc8,0x00000000d7280000)
  to   space 6144K, 0% used [0x00000000d7400000,0x00000000d7400000,0x00000000d7a00000)
 ParOldGen       total 68608K, used 8135K [0x0000000080000000, 0x0000000084300000, 0x00000000d5580000)
  object space 68608K, 11% used [0x0000000080000000,0x00000000807f1f10,0x0000000084300000)
 Metaspace       used 18779K, committed 19584K, reserved 1114112K
  class space    used 1982K, committed 2304K, reserved 1048576K
}
Event: 4.772 GC heap after
{Heap after GC invocations=6 (full 0):
 PSYoungGen      total 29184K, used 4560K [0x00000000d5580000, 0x00000000d7880000, 0x0000000100000000)
  eden space 24576K, 0% used [0x00000000d5580000,0x00000000d5580000,0x00000000d6d80000)
  from space 4608K, 98% used [0x00000000d7400000,0x00000000d7874328,0x00000000d7880000)
  to   space 5120K, 0% used [0x00000000d6e80000,0x00000000d6e80000,0x00000000d7380000)
 ParOldGen       total 68608K, used 8143K [0x0000000080000000, 0x0000000084300000, 0x00000000d5580000)
  object space 68608K, 11% used [0x0000000080000000,0x00000000807f3f10,0x0000000084300000)
 Metaspace       used 18779K, committed 19584K, reserved 1114112K
  class space    used 1982K, committed 2304K, reserved 1048576K
}
Event: 5.084 GC heap before
{Heap before GC invocations=7 (full 0):
 PSYoungGen      total 29184K, used 22221K [0x00000000d5580000, 0x00000000d7880000, 0x0000000100000000)
  eden space 24576K, 71% used [0x00000000d5580000,0x00000000d66bf438,0x00000000d6d80000)
  from space 4608K, 98% used [0x00000000d7400000,0x00000000d7874328,0x00000000d7880000)
  to   space 5120K, 0% used [0x00000000d6e80000,0x00000000d6e80000,0x00000000d7380000)
 ParOldGen       total 68608K, used 8143K [0x0000000080000000, 0x0000000084300000, 0x00000000d5580000)
  object space 68608K, 11% used [0x0000000080000000,0x00000000807f3f10,0x0000000084300000)
 Metaspace       used 20585K, committed 21504K, reserved 1114112K
  class space    used 2214K, committed 2624K, reserved 1048576K
}
Event: 5.090 GC heap after
{Heap after GC invocations=7 (full 0):
 PSYoungGen      total 28672K, used 3918K [0x00000000d5580000, 0x00000000d7680000, 0x0000000100000000)
  eden space 24576K, 0% used [0x00000000d5580000,0x00000000d5580000,0x00000000d6d80000)
  from space 4096K, 95% used [0x00000000d6e80000,0x00000000d7253b28,0x00000000d7280000)
  to   space 4096K, 0% used [0x00000000d7280000,0x00000000d7280000,0x00000000d7680000)
 ParOldGen       total 68608K, used 9784K [0x0000000080000000, 0x0000000084300000, 0x00000000d5580000)
  object space 68608K, 14% used [0x0000000080000000,0x000000008098e200,0x0000000084300000)
 Metaspace       used 20585K, committed 21504K, reserved 1114112K
  class space    used 2214K, committed 2624K, reserved 1048576K
}
Event: 5.090 GC heap before
{Heap before GC invocations=8 (full 1):
 PSYoungGen      total 28672K, used 3918K [0x00000000d5580000, 0x00000000d7680000, 0x0000000100000000)
  eden space 24576K, 0% used [0x00000000d5580000,0x00000000d5580000,0x00000000d6d80000)
  from space 4096K, 95% used [0x00000000d6e80000,0x00000000d7253b28,0x00000000d7280000)
  to   space 4096K, 0% used [0x00000000d7280000,0x00000000d7280000,0x00000000d7680000)
 ParOldGen       total 68608K, used 9784K [0x0000000080000000, 0x0000000084300000, 0x00000000d5580000)
  object space 68608K, 14% used [0x0000000080000000,0x000000008098e200,0x0000000084300000)
 Metaspace       used 20585K, committed 21504K, reserved 1114112K
  class space    used 2214K, committed 2624K, reserved 1048576K
}
Event: 5.132 GC heap after
{Heap after GC invocations=8 (full 1):
 PSYoungGen      total 28672K, used 0K [0x00000000d5580000, 0x00000000d7680000, 0x0000000100000000)
  eden space 24576K, 0% used [0x00000000d5580000,0x00000000d5580000,0x00000000d6d80000)
  from space 4096K, 0% used [0x00000000d6e80000,0x00000000d6e80000,0x00000000d7280000)
  to   space 4096K, 0% used [0x00000000d7280000,0x00000000d7280000,0x00000000d7680000)
 ParOldGen       total 68608K, used 13047K [0x0000000080000000, 0x0000000084300000, 0x00000000d5580000)
  object space 68608K, 19% used [0x0000000080000000,0x0000000080cbdfd0,0x0000000084300000)
 Metaspace       used 20573K, committed 21504K, reserved 1114112K
  class space    used 2210K, committed 2624K, reserved 1048576K
}
Event: 5.377 GC heap before
{Heap before GC invocations=9 (full 1):
 PSYoungGen      total 28672K, used 24576K [0x00000000d5580000, 0x00000000d7680000, 0x0000000100000000)
  eden space 24576K, 100% used [0x00000000d5580000,0x00000000d6d80000,0x00000000d6d80000)
  from space 4096K, 0% used [0x00000000d6e80000,0x00000000d6e80000,0x00000000d7280000)
  to   space 4096K, 0% used [0x00000000d7280000,0x00000000d7280000,0x00000000d7680000)
 ParOldGen       total 68608K, used 13047K [0x0000000080000000, 0x0000000084300000, 0x00000000d5580000)
  object space 68608K, 19% used [0x0000000080000000,0x0000000080cbdfd0,0x0000000084300000)
 Metaspace       used 22373K, committed 23296K, reserved 1114112K
  class space    used 2366K, committed 2816K, reserved 1048576K
}
Event: 5.380 GC heap after
{Heap after GC invocations=9 (full 1):
 PSYoungGen      total 27136K, used 2685K [0x00000000d5580000, 0x00000000d7580000, 0x0000000100000000)
  eden space 24064K, 0% used [0x00000000d5580000,0x00000000d5580000,0x00000000d6d00000)
  from space 3072K, 87% used [0x00000000d7280000,0x00000000d751f460,0x00000000d7580000)
  to   space 3584K, 0% used [0x00000000d6e80000,0x00000000d6e80000,0x00000000d7200000)
 ParOldGen       total 68608K, used 13055K [0x0000000080000000, 0x0000000084300000, 0x00000000d5580000)
  object space 68608K, 19% used [0x0000000080000000,0x0000000080cbffd0,0x0000000084300000)
 Metaspace       used 22373K, committed 23296K, reserved 1114112K
  class space    used 2366K, committed 2816K, reserved 1048576K
}
Event: 5.780 GC heap before
{Heap before GC invocations=10 (full 1):
 PSYoungGen      total 27136K, used 26749K [0x00000000d5580000, 0x00000000d7580000, 0x0000000100000000)
  eden space 24064K, 100% used [0x00000000d5580000,0x00000000d6d00000,0x00000000d6d00000)
  from space 3072K, 87% used [0x00000000d7280000,0x00000000d751f460,0x00000000d7580000)
  to   space 3584K, 0% used [0x00000000d6e80000,0x00000000d6e80000,0x00000000d7200000)
 ParOldGen       total 68608K, used 13055K [0x0000000080000000, 0x0000000084300000, 0x00000000d5580000)
  object space 68608K, 19% used [0x0000000080000000,0x0000000080cbffd0,0x0000000084300000)
 Metaspace       used 26205K, committed 27200K, reserved 1114112K
  class space    used 2644K, committed 3072K, reserved 1048576K
}
Event: 5.783 GC heap after
{Heap after GC invocations=10 (full 1):
 PSYoungGen      total 25088K, used 1064K [0x00000000d5580000, 0x00000000d7300000, 0x0000000100000000)
  eden space 23552K, 0% used [0x00000000d5580000,0x00000000d5580000,0x00000000d6c80000)
  from space 1536K, 69% used [0x00000000d6e80000,0x00000000d6f8a268,0x00000000d7000000)
  to   space 2048K, 0% used [0x00000000d7100000,0x00000000d7100000,0x00000000d7300000)
 ParOldGen       total 68608K, used 13063K [0x0000000080000000, 0x0000000084300000, 0x00000000d5580000)
  object space 68608K, 19% used [0x0000000080000000,0x0000000080cc1fd0,0x0000000084300000)
 Metaspace       used 26205K, committed 27200K, reserved 1114112K
  class space    used 2644K, committed 3072K, reserved 1048576K
}
Event: 6.198 GC heap before
{Heap before GC invocations=11 (full 1):
 PSYoungGen      total 25088K, used 24616K [0x00000000d5580000, 0x00000000d7300000, 0x0000000100000000)
  eden space 23552K, 100% used [0x00000000d5580000,0x00000000d6c80000,0x00000000d6c80000)
  from space 1536K, 69% used [0x00000000d6e80000,0x00000000d6f8a268,0x00000000d7000000)
  to   space 2048K, 0% used [0x00000000d7100000,0x00000000d7100000,0x00000000d7300000)
 ParOldGen       total 68608K, used 13063K [0x0000000080000000, 0x0000000084300000, 0x00000000d5580000)
  object space 68608K, 19% used [0x0000000080000000,0x0000000080cc1fd0,0x0000000084300000)
 Metaspace       used 27800K, committed 28800K, reserved 1114112K
  class space    used 2758K, committed 3200K, reserved 1048576K
}
Event: 6.206 GC heap after
{Heap after GC invocations=11 (full 1):
 PSYoungGen      total 25088K, used 1915K [0x00000000d5580000, 0x00000000d7300000, 0x0000000100000000)
  eden space 23040K, 0% used [0x00000000d5580000,0x00000000d5580000,0x00000000d6c00000)
  from space 2048K, 93% used [0x00000000d7100000,0x00000000d72deda0,0x00000000d7300000)
  to   space 2560K, 0% used [0x00000000d6e00000,0x00000000d6e00000,0x00000000d7080000)
 ParOldGen       total 68608K, used 14592K [0x0000000080000000, 0x0000000084300000, 0x00000000d5580000)
  object space 68608K, 21% used [0x0000000080000000,0x0000000080e403a8,0x0000000084300000)
 Metaspace       used 27800K, committed 28800K, reserved 1114112K
  class space    used 2758K, committed 3200K, reserved 1048576K
}
Event: 6.543 GC heap before
{Heap before GC invocations=12 (full 1):
 PSYoungGen      total 25088K, used 24955K [0x00000000d5580000, 0x00000000d7300000, 0x0000000100000000)
  eden space 23040K, 100% used [0x00000000d5580000,0x00000000d6c00000,0x00000000d6c00000)
  from space 2048K, 93% used [0x00000000d7100000,0x00000000d72deda0,0x00000000d7300000)
  to   space 2560K, 0% used [0x00000000d6e00000,0x00000000d6e00000,0x00000000d7080000)
 ParOldGen       total 68608K, used 14592K [0x0000000080000000, 0x0000000084300000, 0x00000000d5580000)
  object space 68608K, 21% used [0x0000000080000000,0x0000000080e403a8,0x0000000084300000)
 Metaspace       used 30735K, committed 31808K, reserved 1114112K
  class space    used 3086K, committed 3584K, reserved 1048576K
}
Event: 6.548 GC heap after
{Heap after GC invocations=12 (full 1):
 PSYoungGen      total 24576K, used 1690K [0x00000000d5580000, 0x00000000d7180000, 0x0000000100000000)
  eden space 22528K, 0% used [0x00000000d5580000,0x00000000d5580000,0x00000000d6b80000)
  from space 2048K, 82% used [0x00000000d6e00000,0x00000000d6fa6858,0x00000000d7000000)
  to   space 1536K, 0% used [0x00000000d7000000,0x00000000d7000000,0x00000000d7180000)
 ParOldGen       total 68608K, used 16276K [0x0000000080000000, 0x0000000084300000, 0x00000000d5580000)
  object space 68608K, 23% used [0x0000000080000000,0x0000000080fe50d8,0x0000000084300000)
 Metaspace       used 30735K, committed 31808K, reserved 1114112K
  class space    used 3086K, committed 3584K, reserved 1048576K
}
Event: 6.833 GC heap before
{Heap before GC invocations=13 (full 1):
 PSYoungGen      total 24576K, used 24218K [0x00000000d5580000, 0x00000000d7180000, 0x0000000100000000)
  eden space 22528K, 100% used [0x00000000d5580000,0x00000000d6b80000,0x00000000d6b80000)
  from space 2048K, 82% used [0x00000000d6e00000,0x00000000d6fa6858,0x00000000d7000000)
  to   space 1536K, 0% used [0x00000000d7000000,0x00000000d7000000,0x00000000d7180000)
 ParOldGen       total 68608K, used 16276K [0x0000000080000000, 0x0000000084300000, 0x00000000d5580000)
  object space 68608K, 23% used [0x0000000080000000,0x0000000080fe50d8,0x0000000084300000)
 Metaspace       used 33690K, committed 34816K, reserved 1114112K
  class space    used 3500K, committed 3968K, reserved 1048576K
}
Event: 6.836 GC heap after
{Heap after GC invocations=13 (full 1):
 PSYoungGen      total 23552K, used 1392K [0x00000000d5580000, 0x00000000d7180000, 0x0000000100000000)
  eden space 22016K, 0% used [0x00000000d5580000,0x00000000d5580000,0x00000000d6b00000)
  from space 1536K, 90% used [0x00000000d7000000,0x00000000d715c010,0x00000000d7180000)
  to   space 1536K, 0% used [0x00000000d6e80000,0x00000000d6e80000,0x00000000d7000000)
 ParOldGen       total 68608K, used 17692K [0x0000000080000000, 0x0000000084300000, 0x00000000d5580000)
  object space 68608K, 25% used [0x0000000080000000,0x0000000081147250,0x0000000084300000)
 Metaspace       used 33690K, committed 34816K, reserved 1114112K
  class space    used 3500K, committed 3968K, reserved 1048576K
}
Event: 6.915 GC heap before
{Heap before GC invocations=14 (full 1):
 PSYoungGen      total 23552K, used 12056K [0x00000000d5580000, 0x00000000d7180000, 0x0000000100000000)
  eden space 22016K, 48% used [0x00000000d5580000,0x00000000d5fea018,0x00000000d6b00000)
  from space 1536K, 90% used [0x00000000d7000000,0x00000000d715c010,0x00000000d7180000)
  to   space 1536K, 0% used [0x00000000d6e80000,0x00000000d6e80000,0x00000000d7000000)
 ParOldGen       total 68608K, used 17692K [0x0000000080000000, 0x0000000084300000, 0x00000000d5580000)
  object space 68608K, 25% used [0x0000000080000000,0x0000000081147250,0x0000000084300000)
 Metaspace       used 34746K, committed 35840K, reserved 1114112K
  class space    used 3619K, committed 4096K, reserved 1048576K
}
Event: 6.919 GC heap after
{Heap after GC invocations=14 (full 1):
 PSYoungGen      total 23552K, used 1289K [0x00000000d5580000, 0x00000000d7080000, 0x0000000100000000)
  eden space 22016K, 0% used [0x00000000d5580000,0x00000000d5580000,0x00000000d6b00000)
  from space 1536K, 83% used [0x00000000d6e80000,0x00000000d6fc2500,0x00000000d7000000)
  to   space 512K, 0% used [0x00000000d7000000,0x00000000d7000000,0x00000000d7080000)
 ParOldGen       total 68608K, used 18835K [0x0000000080000000, 0x0000000084300000, 0x00000000d5580000)
  object space 68608K, 27% used [0x0000000080000000,0x0000000081264fe8,0x0000000084300000)
 Metaspace       used 34746K, committed 35840K, reserved 1114112K
  class space    used 3619K, committed 4096K, reserved 1048576K
}
Event: 6.919 GC heap before
{Heap before GC invocations=15 (full 2):
 PSYoungGen      total 23552K, used 1289K [0x00000000d5580000, 0x00000000d7080000, 0x0000000100000000)
  eden space 22016K, 0% used [0x00000000d5580000,0x00000000d5580000,0x00000000d6b00000)
  from space 1536K, 83% used [0x00000000d6e80000,0x00000000d6fc2500,0x00000000d7000000)
  to   space 512K, 0% used [0x00000000d7000000,0x00000000d7000000,0x00000000d7080000)
 ParOldGen       total 68608K, used 18835K [0x0000000080000000, 0x0000000084300000, 0x00000000d5580000)
  object space 68608K, 27% used [0x0000000080000000,0x0000000081264fe8,0x0000000084300000)
 Metaspace       used 34746K, committed 35840K, reserved 1114112K
  class space    used 3619K, committed 4096K, reserved 1048576K
}

Dll operation events (10 events):
Event: 0.020 Loaded shared library c:\Users\MyBook Hype AMD\.vscode\extensions\redhat.java-1.46.0-win32-x64\jre\21.0.8-win32-x86_64\bin\java.dll
Event: 0.081 Loaded shared library c:\Users\MyBook Hype AMD\.vscode\extensions\redhat.java-1.46.0-win32-x64\jre\21.0.8-win32-x86_64\bin\zip.dll
Event: 0.166 Loaded shared library C:\Users\MyBook Hype AMD\.vscode\extensions\redhat.java-1.46.0-win32-x64\jre\21.0.8-win32-x86_64\bin\instrument.dll
Event: 0.173 Loaded shared library C:\Users\MyBook Hype AMD\.vscode\extensions\redhat.java-1.46.0-win32-x64\jre\21.0.8-win32-x86_64\bin\net.dll
Event: 0.177 Loaded shared library C:\Users\MyBook Hype AMD\.vscode\extensions\redhat.java-1.46.0-win32-x64\jre\21.0.8-win32-x86_64\bin\nio.dll
Event: 0.181 Loaded shared library C:\Users\MyBook Hype AMD\.vscode\extensions\redhat.java-1.46.0-win32-x64\jre\21.0.8-win32-x86_64\bin\zip.dll
Event: 0.204 Loaded shared library C:\Users\MyBook Hype AMD\.vscode\extensions\redhat.java-1.46.0-win32-x64\jre\21.0.8-win32-x86_64\bin\jimage.dll
Event: 0.312 Loaded shared library c:\Users\MyBook Hype AMD\.vscode\extensions\redhat.java-1.46.0-win32-x64\jre\21.0.8-win32-x86_64\bin\verify.dll
Event: 2.050 Loaded shared library C:\Users\MyBook Hype AMD\AppData\Roaming\Code\User\globalStorage\redhat.java\1.46.0\config_win\org.eclipse.equinox.launcher\org.eclipse.equinox.launcher.win32.win32.x86_64_1.2.1400.v20250801-0854\eclipse_11916.dll
Event: 4.342 Loaded shared library C:\Users\MyBook Hype AMD\AppData\Local\Temp\jna--873495991\jna6738915773730004555.dll

Deoptimization events (20 events):
Event: 6.774 Thread 0x000002bcfc806ed0 DEOPT PACKING pc=0x000002bca8cbf7c4 sp=0x000000fc3c2fbd60
Event: 6.774 Thread 0x000002bcfc806ed0 DEOPT UNPACKING pc=0x000002bca8713aa2 sp=0x000000fc3c2fbcc0 mode 2
Event: 6.799 Thread 0x000002bcfd245220 Uncommon trap: trap_request=0xffffff45 fr.pc=0x000002bca8d11eb4 relative=0x0000000000000894
Event: 6.799 Thread 0x000002bcfd245220 Uncommon trap: reason=unstable_if action=reinterpret pc=0x000002bca8d11eb4 method=jdk.internal.org.objectweb.asm.SymbolTable.put(Ljdk/internal/org/objectweb/asm/SymbolTable$Entry;)Ljdk/internal/org/objectweb/asm/SymbolTable$Entry; @ 13 c2
Event: 6.799 Thread 0x000002bcfd245220 DEOPT PACKING pc=0x000002bca8d11eb4 sp=0x000000fc3cafda70
Event: 6.799 Thread 0x000002bcfd245220 DEOPT UNPACKING pc=0x000002bca8713aa2 sp=0x000000fc3cafd978 mode 2
Event: 6.831 Thread 0x000002bcfc806ed0 DEOPT PACKING pc=0x000002bca162a294 sp=0x000000fc3c2fd7d0
Event: 6.831 Thread 0x000002bcfc806ed0 DEOPT UNPACKING pc=0x000002bca8714242 sp=0x000000fc3c2fcd20 mode 0
Event: 6.852 Thread 0x000002bcfd245220 Uncommon trap: trap_request=0xffffff45 fr.pc=0x000002bca8e55be0 relative=0x00000000000000c0
Event: 6.852 Thread 0x000002bcfd245220 Uncommon trap: reason=unstable_if action=reinterpret pc=0x000002bca8e55be0 method=org.codehaus.plexus.util.xml.pull.MXParser.more()C @ 8 c2
Event: 6.852 Thread 0x000002bcfd245220 DEOPT PACKING pc=0x000002bca8e55be0 sp=0x000000fc3cafe670
Event: 6.852 Thread 0x000002bcfd245220 DEOPT UNPACKING pc=0x000002bca8713aa2 sp=0x000000fc3cafe600 mode 2
Event: 6.881 Thread 0x000002bcfd245220 Uncommon trap: trap_request=0xffffff45 fr.pc=0x000002bca8d9b8d4 relative=0x0000000000000134
Event: 6.881 Thread 0x000002bcfd245220 Uncommon trap: reason=unstable_if action=reinterpret pc=0x000002bca8d9b8d4 method=java.util.ArrayList.indexOfRange(Ljava/lang/Object;II)I @ 7 c2
Event: 6.881 Thread 0x000002bcfd245220 DEOPT PACKING pc=0x000002bca8d9b8d4 sp=0x000000fc3cafe6e0
Event: 6.881 Thread 0x000002bcfd245220 DEOPT UNPACKING pc=0x000002bca8713aa2 sp=0x000000fc3cafe5a0 mode 2
Event: 6.903 Thread 0x000002bcfd245220 Uncommon trap: trap_request=0xffffff45 fr.pc=0x000002bca8d8dab0 relative=0x0000000000000110
Event: 6.903 Thread 0x000002bcfd245220 Uncommon trap: reason=unstable_if action=reinterpret pc=0x000002bca8d8dab0 method=java.util.ArrayList.indexOfRange(Ljava/lang/Object;II)I @ 7 c2
Event: 6.903 Thread 0x000002bcfd245220 DEOPT PACKING pc=0x000002bca8d8dab0 sp=0x000000fc3cafe680
Event: 6.903 Thread 0x000002bcfd245220 DEOPT UNPACKING pc=0x000002bca8713aa2 sp=0x000000fc3cafe600 mode 2

Classes loaded (20 events):
Event: 6.872 Loading class java/util/concurrent/CompletableFuture
Event: 6.873 Loading class java/util/concurrent/CompletableFuture done
Event: 6.873 Loading class java/util/concurrent/CompletableFuture$AltResult
Event: 6.874 Loading class java/util/concurrent/CompletableFuture$AltResult done
Event: 6.874 Loading class java/util/concurrent/CompletableFuture$Completion
Event: 6.874 Loading class java/util/concurrent/CompletableFuture$AsynchronousCompletionTask
Event: 6.874 Loading class java/util/concurrent/CompletableFuture$AsynchronousCompletionTask done
Event: 6.874 Loading class java/util/concurrent/CompletableFuture$Completion done
Event: 6.876 Loading class java/util/concurrent/CompletableFuture$UniAccept
Event: 6.877 Loading class java/util/concurrent/CompletableFuture$UniCompletion
Event: 6.877 Loading class java/util/concurrent/CompletableFuture$UniCompletion done
Event: 6.877 Loading class java/util/concurrent/CompletableFuture$UniAccept done
Event: 6.908 Loading class java/util/Collections$2
Event: 6.908 Loading class java/nio/channels/spi/AbstractInterruptibleChannel$1
Event: 6.908 Loading class java/util/Collections$2 done
Event: 6.908 Loading class sun/nio/ch/Interruptible
Event: 6.908 Loading class sun/nio/ch/Interruptible done
Event: 6.908 Loading class java/nio/channels/spi/AbstractInterruptibleChannel$1 done
Event: 6.912 Loading class java/util/concurrent/Executors$DefaultThreadFactory
Event: 6.913 Loading class java/util/concurrent/Executors$DefaultThreadFactory done

Classes unloaded (7 events):
Event: 5.096 Thread 0x000002bc9e05e9d0 Unloading class 0x000002bcb61a4400 'java/lang/invoke/LambdaForm$MH+0x000002bcb61a4400'
Event: 5.096 Thread 0x000002bc9e05e9d0 Unloading class 0x000002bcb61a4000 'java/lang/invoke/LambdaForm$MH+0x000002bcb61a4000'
Event: 5.096 Thread 0x000002bc9e05e9d0 Unloading class 0x000002bcb61a3c00 'java/lang/invoke/LambdaForm$MH+0x000002bcb61a3c00'
Event: 5.096 Thread 0x000002bc9e05e9d0 Unloading class 0x000002bcb61a3800 'java/lang/invoke/LambdaForm$MH+0x000002bcb61a3800'
Event: 5.096 Thread 0x000002bc9e05e9d0 Unloading class 0x000002bcb61a3400 'java/lang/invoke/LambdaForm$BMH+0x000002bcb61a3400'
Event: 5.096 Thread 0x000002bc9e05e9d0 Unloading class 0x000002bcb61a3000 'java/lang/invoke/LambdaForm$DMH+0x000002bcb61a3000'
Event: 5.096 Thread 0x000002bc9e05e9d0 Unloading class 0x000002bcb61a2000 'java/lang/invoke/LambdaForm$DMH+0x000002bcb61a2000'

Classes redefined (0 events):
No events

Internal exceptions (20 events):
Event: 6.669 Thread 0x000002bcfd2437e0 Exception <a 'sun/nio/fs/WindowsException'{0x00000000d5e7ec70}> (0x00000000d5e7ec70) 
thrown [s\src\hotspot\share\prims\jni.cpp, line 520]
Event: 6.669 Thread 0x000002bcfd2437e0 Exception <a 'sun/nio/fs/WindowsException'{0x00000000d5ea86e8}> (0x00000000d5ea86e8) 
thrown [s\src\hotspot\share\prims\jni.cpp, line 520]
Event: 6.669 Thread 0x000002bcfd2437e0 Exception <a 'sun/nio/fs/WindowsException'{0x00000000d5ea8fc8}> (0x00000000d5ea8fc8) 
thrown [s\src\hotspot\share\prims\jni.cpp, line 520]
Event: 6.670 Thread 0x000002bcfd2437e0 Exception <a 'sun/nio/fs/WindowsException'{0x00000000d5eaaa78}> (0x00000000d5eaaa78) 
thrown [s\src\hotspot\share\prims\jni.cpp, line 520]
Event: 6.670 Thread 0x000002bcfd2437e0 Exception <a 'sun/nio/fs/WindowsException'{0x00000000d5eab260}> (0x00000000d5eab260) 
thrown [s\src\hotspot\share\prims\jni.cpp, line 520]
Event: 6.670 Thread 0x000002bcfd2437e0 Exception <a 'sun/nio/fs/WindowsException'{0x00000000d5eadfa8}> (0x00000000d5eadfa8) 
thrown [s\src\hotspot\share\prims\jni.cpp, line 520]
Event: 6.670 Thread 0x000002bcfd2437e0 Exception <a 'sun/nio/fs/WindowsException'{0x00000000d5eae888}> (0x00000000d5eae888) 
thrown [s\src\hotspot\share\prims\jni.cpp, line 520]
Event: 6.687 Thread 0x000002bcfd2437e0 Exception <a 'sun/nio/fs/WindowsException'{0x00000000d5fd0b50}> (0x00000000d5fd0b50) 
thrown [s\src\hotspot\share\prims\jni.cpp, line 520]
Event: 6.687 Thread 0x000002bcfd2437e0 Exception <a 'sun/nio/fs/WindowsException'{0x00000000d5fd1338}> (0x00000000d5fd1338) 
thrown [s\src\hotspot\share\prims\jni.cpp, line 520]
Event: 6.692 Thread 0x000002bcfd2437e0 Exception <a 'sun/nio/fs/WindowsException'{0x00000000d604a070}> (0x00000000d604a070) 
thrown [s\src\hotspot\share\prims\jni.cpp, line 520]
Event: 6.692 Thread 0x000002bcfd2437e0 Exception <a 'sun/nio/fs/WindowsException'{0x00000000d604a5a8}> (0x00000000d604a5a8) 
thrown [s\src\hotspot\share\prims\jni.cpp, line 520]
Event: 6.701 Thread 0x000002bcfd2437e0 Exception <a 'java/io/FileNotFoundException'{0x00000000d6110160}> (0x00000000d6110160) 
thrown [s\src\hotspot\share\prims\jni.cpp, line 520]
Event: 6.740 Thread 0x000002bcfc806ed0 Exception <a 'java/io/FileNotFoundException'{0x00000000d636b068}> (0x00000000d636b068) 
thrown [s\src\hotspot\share\prims\jni.cpp, line 520]
Event: 6.780 Thread 0x000002bcfc806ed0 Exception <a 'java/lang/UnsatisfiedLinkError'{0x00000000d6851718}: The specified procedure could not be found.
> (0x00000000d6851718) 
thrown [s\src\hotspot\share\prims\jni.cpp, line 539]
Event: 6.788 Thread 0x000002bcfc806ed0 Exception <a 'java/io/FileNotFoundException'{0x00000000d6869398}> (0x00000000d6869398) 
thrown [s\src\hotspot\share\prims\jni.cpp, line 520]
Event: 6.807 Thread 0x000002bcfc806ed0 Exception <a 'java/io/FileNotFoundException'{0x00000000d69f3608}> (0x00000000d69f3608) 
thrown [s\src\hotspot\share\prims\jni.cpp, line 520]
Event: 6.815 Thread 0x000002bcfc806ed0 Exception <a 'java/lang/UnsatisfiedLinkError'{0x00000000d6a25988}: The specified procedure could not be found.
> (0x00000000d6a25988) 
thrown [s\src\hotspot\share\prims\jni.cpp, line 539]
Event: 6.845 Thread 0x000002bcfd245220 Exception <a 'java/lang/NoClassDefFoundError'{0x00000000d5648db8}: javax/enterprise/inject/Typed> (0x00000000d5648db8) 
thrown [s\src\hotspot\share\classfile\systemDictionary.cpp, line 301]
Event: 6.889 Thread 0x000002bcfc804770 Exception <a 'java/lang/NoSuchMethodError'{0x00000000d5b9a018}: 'int java.lang.invoke.DirectMethodHandle$Holder.invokeStatic(java.lang.Object)'> (0x00000000d5b9a018) 
thrown [s\src\hotspot\share\interpreter\linkResolver.cpp, line 773]
Event: 6.907 Thread 0x000002bcfd245f40 Exception <a 'java/lang/NoSuchMethodError'{0x00000000d5ef4860}: 'void java.lang.invoke.DirectMethodHandle$Holder.invokeStaticInit(java.lang.Object, java.lang.Object, java.lang.Object, java.lang.Object)'> (0x00000000d5ef4860) 
thrown [s\src\hotspot\share\interpreter\linkResolver.cpp, line 773]

ZGC Phase Switch (0 events):
No events

VM Operations (20 events):
Event: 5.132 Executing VM operation: CollectForMetadataAllocation (Metadata GC Threshold) done
Event: 5.217 Executing VM operation: HandshakeAllThreads (Deoptimize)
Event: 5.217 Executing VM operation: HandshakeAllThreads (Deoptimize) done
Event: 5.377 Executing VM operation: ParallelGCFailedAllocation (Allocation Failure)
Event: 5.380 Executing VM operation: ParallelGCFailedAllocation (Allocation Failure) done
Event: 5.780 Executing VM operation: ParallelGCFailedAllocation (Allocation Failure)
Event: 5.783 Executing VM operation: ParallelGCFailedAllocation (Allocation Failure) done
Event: 6.195 Executing VM operation: ParallelGCFailedAllocation (Allocation Failure)
Event: 6.206 Executing VM operation: ParallelGCFailedAllocation (Allocation Failure) done
Event: 6.231 Executing VM operation: HandshakeAllThreads (Deoptimize)
Event: 6.231 Executing VM operation: HandshakeAllThreads (Deoptimize) done
Event: 6.408 Executing VM operation: HandshakeAllThreads (Deoptimize)
Event: 6.408 Executing VM operation: HandshakeAllThreads (Deoptimize) done
Event: 6.542 Executing VM operation: ParallelGCFailedAllocation (Allocation Failure)
Event: 6.548 Executing VM operation: ParallelGCFailedAllocation (Allocation Failure) done
Event: 6.827 Executing VM operation: HandshakeAllThreads (Deoptimize)
Event: 6.827 Executing VM operation: HandshakeAllThreads (Deoptimize) done
Event: 6.833 Executing VM operation: ParallelGCFailedAllocation (Allocation Failure)
Event: 6.836 Executing VM operation: ParallelGCFailedAllocation (Allocation Failure) done
Event: 6.915 Executing VM operation: CollectForMetadataAllocation (Metadata GC Threshold)

Memory protections (0 events):
No events

Nmethod flushes (0 events):
No events

Events (20 events):
Event: 1.764 Thread 0x000002bc9dfa3040 Thread added: 0x000002bcfc8061b0
Event: 2.043 Thread 0x000002bc9dfa3040 Thread added: 0x000002bcfc806840
Event: 2.091 Thread 0x000002bcfc806840 Thread added: 0x000002bcfc805490
Event: 2.097 Thread 0x000002bc9dfa3040 Thread added: 0x000002bcfc806ed0
Event: 2.568 Thread 0x000002bcfc806ed0 Thread added: 0x000002bcfc8040e0
Event: 2.918 Thread 0x000002bcf7c3bc90 Thread exited: 0x000002bcf7c3bc90
Event: 3.157 Thread 0x000002bcfc806ed0 Thread added: 0x000002bcfc807560
Event: 3.706 Thread 0x000002bcfc806ed0 Thread added: 0x000002bcfc804e00
Event: 3.749 Thread 0x000002bcf7b4a780 Thread exited: 0x000002bcf7b4a780
Event: 4.380 Thread 0x000002bcfc806ed0 Thread added: 0x000002bcfc805b20
Event: 4.425 Thread 0x000002bcfc806ed0 Thread added: 0x000002bcfc804770
Event: 4.450 Thread 0x000002bcfc806ed0 Thread added: 0x000002bcfd2437e0
Event: 4.537 Thread 0x000002bcf78a9250 Thread added: 0x000002bcfd6a64e0
Event: 4.715 Thread 0x000002bcfd2437e0 Thread added: 0x000002bcfd245220
Event: 5.909 Thread 0x000002bcfd6a64e0 Thread exited: 0x000002bcfd6a64e0
Event: 5.997 Thread 0x000002bcf78a9250 Thread added: 0x000002bcfd399880
Event: 6.360 Thread 0x000002bcfc806ed0 Thread added: 0x000002bcfd2458b0
Event: 6.369 Thread 0x000002bcfc804770 Thread added: 0x000002bcfd245f40
Event: 6.729 Thread 0x000002bcfd245f40 Thread added: 0x000002bcfd242ac0
Event: 6.885 Thread 0x000002bcfc804770 Thread added: 0x000002bcfd2465d0


Dynamic libraries:
0x00007ff683230000 - 0x00007ff68323e000 	c:\Users\MyBook Hype AMD\.vscode\extensions\redhat.java-1.46.0-win32-x64\jre\21.0.8-win32-x86_64\bin\java.exe
0x00007ffee48c0000 - 0x00007ffee4b28000 	C:\WINDOWS\SYSTEM32\ntdll.dll
0x00007ffee3770000 - 0x00007ffee3839000 	C:\WINDOWS\System32\KERNEL32.DLL
0x00007ffee1a50000 - 0x00007ffee1e42000 	C:\WINDOWS\System32\KERNELBASE.dll
0x00007ffee1f10000 - 0x00007ffee205b000 	C:\WINDOWS\System32\ucrtbase.dll
0x00007ffebfa60000 - 0x00007ffebfa78000 	c:\Users\MyBook Hype AMD\.vscode\extensions\redhat.java-1.46.0-win32-x64\jre\21.0.8-win32-x86_64\bin\jli.dll
0x00007ffec2030000 - 0x00007ffec204e000 	c:\Users\MyBook Hype AMD\.vscode\extensions\redhat.java-1.46.0-win32-x64\jre\21.0.8-win32-x86_64\bin\VCRUNTIME140.dll
0x00007ffee3880000 - 0x00007ffee3a45000 	C:\WINDOWS\System32\USER32.dll
0x00007ffeca550000 - 0x00007ffeca7e3000 	C:\WINDOWS\WinSxS\amd64_microsoft.windows.common-controls_6595b64144ccf1df_6.0.26100.6725_none_3e085828e334708b\COMCTL32.dll
0x00007ffee2060000 - 0x00007ffee2087000 	C:\WINDOWS\System32\win32u.dll
0x00007ffee4600000 - 0x00007ffee462b000 	C:\WINDOWS\System32\GDI32.dll
0x00007ffee2430000 - 0x00007ffee255d000 	C:\WINDOWS\System32\gdi32full.dll
0x00007ffee2380000 - 0x00007ffee2423000 	C:\WINDOWS\System32\msvcp_win.dll
0x00007ffee2760000 - 0x00007ffee2809000 	C:\WINDOWS\System32\msvcrt.dll
0x00007ffee3840000 - 0x00007ffee386f000 	C:\WINDOWS\System32\IMM32.DLL
0x00007ffedca70000 - 0x00007ffedca7c000 	c:\Users\MyBook Hype AMD\.vscode\extensions\redhat.java-1.46.0-win32-x64\jre\21.0.8-win32-x86_64\bin\vcruntime140_1.dll
0x00007ffe7d280000 - 0x00007ffe7d30d000 	c:\Users\MyBook Hype AMD\.vscode\extensions\redhat.java-1.46.0-win32-x64\jre\21.0.8-win32-x86_64\bin\msvcp140.dll
0x00007ffe707a0000 - 0x00007ffe71537000 	c:\Users\MyBook Hype AMD\.vscode\extensions\redhat.java-1.46.0-win32-x64\jre\21.0.8-win32-x86_64\bin\server\jvm.dll
0x00007ffee36a0000 - 0x00007ffee3754000 	C:\WINDOWS\System32\ADVAPI32.dll
0x00007ffee4300000 - 0x00007ffee43a6000 	C:\WINDOWS\System32\sechost.dll
0x00007ffee43b0000 - 0x00007ffee44c8000 	C:\WINDOWS\System32\RPCRT4.dll
0x00007ffee4730000 - 0x00007ffee47a4000 	C:\WINDOWS\System32\WS2_32.dll
0x00007ffee18b0000 - 0x00007ffee190e000 	C:\WINDOWS\SYSTEM32\POWRPROF.dll
0x00007ffeda8f0000 - 0x00007ffeda925000 	C:\WINDOWS\SYSTEM32\WINMM.dll
0x00007ffedb4d0000 - 0x00007ffedb4db000 	C:\WINDOWS\SYSTEM32\VERSION.dll
0x00007ffee1890000 - 0x00007ffee18a4000 	C:\WINDOWS\SYSTEM32\UMPDC.dll
0x00007ffee07e0000 - 0x00007ffee07fb000 	C:\WINDOWS\SYSTEM32\kernel.appcore.dll
0x00007ffece910000 - 0x00007ffece91a000 	c:\Users\MyBook Hype AMD\.vscode\extensions\redhat.java-1.46.0-win32-x64\jre\21.0.8-win32-x86_64\bin\jimage.dll
0x00007ffed7450000 - 0x00007ffed7692000 	C:\WINDOWS\SYSTEM32\DBGHELP.DLL
0x00007ffee3a50000 - 0x00007ffee3dcb000 	C:\WINDOWS\System32\combase.dll
0x00007ffee35c0000 - 0x00007ffee3697000 	C:\WINDOWS\System32\OLEAUT32.dll
0x00007ffec9a50000 - 0x00007ffec9a8c000 	C:\WINDOWS\SYSTEM32\dbgcore.DLL
0x00007ffee25f0000 - 0x00007ffee2688000 	C:\WINDOWS\System32\bcryptPrimitives.dll
0x00007ffebf9e0000 - 0x00007ffebf9ef000 	c:\Users\MyBook Hype AMD\.vscode\extensions\redhat.java-1.46.0-win32-x64\jre\21.0.8-win32-x86_64\bin\instrument.dll
0x00007ffebf9c0000 - 0x00007ffebf9df000 	c:\Users\MyBook Hype AMD\.vscode\extensions\redhat.java-1.46.0-win32-x64\jre\21.0.8-win32-x86_64\bin\java.dll
0x00007ffee2810000 - 0x00007ffee2f5c000 	C:\WINDOWS\System32\SHELL32.dll
0x00007ffee2090000 - 0x00007ffee21fb000 	C:\WINDOWS\System32\wintypes.dll
0x00007ffedf680000 - 0x00007ffedfedd000 	C:\WINDOWS\SYSTEM32\windows.storage.dll
0x00007ffee4630000 - 0x00007ffee4722000 	C:\WINDOWS\System32\SHCORE.dll
0x00007ffee4590000 - 0x00007ffee45f2000 	C:\WINDOWS\System32\shlwapi.dll
0x00007ffee1970000 - 0x00007ffee1999000 	C:\WINDOWS\SYSTEM32\profapi.dll
0x00007ffeb7700000 - 0x00007ffeb7718000 	c:\Users\MyBook Hype AMD\.vscode\extensions\redhat.java-1.46.0-win32-x64\jre\21.0.8-win32-x86_64\bin\zip.dll
0x00007ffebf980000 - 0x00007ffebf990000 	C:\Users\MyBook Hype AMD\.vscode\extensions\redhat.java-1.46.0-win32-x64\jre\21.0.8-win32-x86_64\bin\net.dll
0x00007ffeda110000 - 0x00007ffeda22f000 	C:\WINDOWS\SYSTEM32\WINHTTP.dll
0x00007ffee0d30000 - 0x00007ffee0d9b000 	C:\WINDOWS\system32\mswsock.dll
0x00007ffebf960000 - 0x00007ffebf976000 	C:\Users\MyBook Hype AMD\.vscode\extensions\redhat.java-1.46.0-win32-x64\jre\21.0.8-win32-x86_64\bin\nio.dll
0x00007ffebf950000 - 0x00007ffebf960000 	c:\Users\MyBook Hype AMD\.vscode\extensions\redhat.java-1.46.0-win32-x64\jre\21.0.8-win32-x86_64\bin\verify.dll
0x00007ffe7a0d0000 - 0x00007ffe7a114000 	C:\Users\MyBook Hype AMD\AppData\Roaming\Code\User\globalStorage\redhat.java\1.46.0\config_win\org.eclipse.equinox.launcher\org.eclipse.equinox.launcher.win32.win32.x86_64_1.2.1400.v20250801-0854\eclipse_11916.dll
0x00007ffee32a0000 - 0x00007ffee3438000 	C:\WINDOWS\System32\ole32.dll
0x00007ffee1110000 - 0x00007ffee112b000 	C:\WINDOWS\SYSTEM32\CRYPTSP.dll
0x00007ffee0740000 - 0x00007ffee077b000 	C:\WINDOWS\system32\rsaenh.dll
0x00007ffee0dd0000 - 0x00007ffee0dfb000 	C:\WINDOWS\SYSTEM32\USERENV.dll
0x00007ffee1940000 - 0x00007ffee1966000 	C:\WINDOWS\SYSTEM32\bcrypt.dll
0x00007ffee0f70000 - 0x00007ffee0f7c000 	C:\WINDOWS\SYSTEM32\CRYPTBASE.dll
0x00007ffee01e0000 - 0x00007ffee0214000 	C:\WINDOWS\SYSTEM32\IPHLPAPI.DLL
0x00007ffee3760000 - 0x00007ffee376a000 	C:\WINDOWS\System32\NSI.dll
0x00007ffe9a0b0000 - 0x00007ffe9a0f9000 	C:\Users\MyBook Hype AMD\AppData\Local\Temp\jna--873495991\jna6738915773730004555.dll
0x00007ffee4270000 - 0x00007ffee4278000 	C:\WINDOWS\System32\PSAPI.DLL
0x00007ffed8160000 - 0x00007ffed817e000 	C:\WINDOWS\SYSTEM32\dhcpcsvc6.DLL
0x00007ffed8130000 - 0x00007ffed8153000 	C:\WINDOWS\SYSTEM32\dhcpcsvc.DLL

JVMTI agents:
c:\Users\MyBook Hype AMD\.vscode\extensions\redhat.java-1.46.0-win32-x64\lombok\lombok-1.18.39-4050.jar path:c:\Users\MyBook Hype AMD\.vscode\extensions\redhat.java-1.46.0-win32-x64\jre\21.0.8-win32-x86_64\bin\instrument.dll, loaded, initialized, instrumentlib options:none

dbghelp: loaded successfully - version: 4.0.5 - missing functions: none
symbol engine: initialized successfully - sym options: 0x614 - pdb path: .;c:\Users\MyBook Hype AMD\.vscode\extensions\redhat.java-1.46.0-win32-x64\jre\21.0.8-win32-x86_64\bin;C:\WINDOWS\SYSTEM32;C:\WINDOWS\WinSxS\amd64_microsoft.windows.common-controls_6595b64144ccf1df_6.0.26100.6725_none_3e085828e334708b;c:\Users\MyBook Hype AMD\.vscode\extensions\redhat.java-1.46.0-win32-x64\jre\21.0.8-win32-x86_64\bin\server;C:\Users\MyBook Hype AMD\AppData\Roaming\Code\User\globalStorage\redhat.java\1.46.0\config_win\org.eclipse.equinox.launcher\org.eclipse.equinox.launcher.win32.win32.x86_64_1.2.1400.v20250801-0854;C:\Users\MyBook Hype AMD\AppData\Local\Temp\jna--873495991

VM Arguments:
jvm_args: --add-modules=ALL-SYSTEM --add-opens=java.base/java.util=ALL-UNNAMED --add-opens=java.base/java.lang=ALL-UNNAMED --add-opens=java.base/sun.nio.fs=ALL-UNNAMED -Declipse.application=org.eclipse.jdt.ls.core.id1 -Dosgi.bundles.defaultStartLevel=4 -Declipse.product=org.eclipse.jdt.ls.core.product -Djava.import.generatesMetadataFilesAtProjectRoot=false -DDetectVMInstallationsJob.disabled=true -Dfile.encoding=utf8 -XX:+UseParallelGC -XX:GCTimeRatio=4 -XX:AdaptiveSizePolicyWeight=90 -Dsun.zip.disableMemoryMapping=true -Xmx2G -Xms100m -Xlog:disable -javaagent:c:\Users\MyBook Hype AMD\.vscode\extensions\redhat.java-1.46.0-win32-x64\lombok\lombok-1.18.39-4050.jar -XX:+HeapDumpOnOutOfMemoryError -XX:HeapDumpPath=c:\Users\MyBook Hype AMD\AppData\Roaming\Code\User\workspaceStorage\dfb97b31f6dd9656776869df2afc24b7\redhat.java -Daether.dependencyCollector.impl=bf 
java_command: c:\Users\MyBook Hype AMD\.vscode\extensions\redhat.java-1.46.0-win32-x64\server\plugins\org.eclipse.equinox.launcher_1.7.0.v20250519-0528.jar -configuration c:\Users\MyBook Hype AMD\AppData\Roaming\Code\User\globalStorage\redhat.java\1.46.0\config_win -data c:\Users\MyBook Hype AMD\AppData\Roaming\Code\User\workspaceStorage\dfb97b31f6dd9656776869df2afc24b7\redhat.java\jdt_ws --pipe=\\.\pipe\lsp-8c65f71350acb49a271487ed3327f517-sock
java_class_path (initial): c:\Users\MyBook Hype AMD\.vscode\extensions\redhat.java-1.46.0-win32-x64\server\plugins\org.eclipse.equinox.launcher_1.7.0.v20250519-0528.jar
Launcher Type: SUN_STANDARD

[Global flags]
    uintx AdaptiveSizePolicyWeight                 = 90                                        {product} {command line}
     intx CICompilerCount                          = 4                                         {product} {ergonomic}
    uintx GCTimeRatio                              = 4                                         {product} {command line}
     bool HeapDumpOnOutOfMemoryError               = true                                   {manageable} {command line}
    ccstr HeapDumpPath                             = c:\Users\MyBook Hype AMD\AppData\Roaming\Code\User\workspaceStorage\dfb97b31f6dd9656776869df2afc24b7\redhat.java         {manageable} {command line}
   size_t InitialHeapSize                          = 104857600                                 {product} {command line}
   size_t MaxHeapSize                              = 2147483648                                {product} {command line}
   size_t MaxNewSize                               = 715653120                                 {product} {ergonomic}
   size_t MinHeapDeltaBytes                        = 524288                                    {product} {ergonomic}
   size_t MinHeapSize                              = 104857600                                 {product} {command line}
   size_t NewSize                                  = 34603008                                  {product} {ergonomic}
    uintx NonNMethodCodeHeapSize                   = 5839372                                {pd product} {ergonomic}
    uintx NonProfiledCodeHeapSize                  = 122909434                              {pd product} {ergonomic}
   size_t OldSize                                  = 70254592                                  {product} {ergonomic}
    uintx ProfiledCodeHeapSize                     = 122909434                              {pd product} {ergonomic}
    uintx ReservedCodeCacheSize                    = 251658240                              {pd product} {ergonomic}
     bool SegmentedCodeCache                       = true                                      {product} {ergonomic}
   size_t SoftMaxHeapSize                          = 2147483648                             {manageable} {ergonomic}
     bool UseCompressedOops                        = true                           {product lp64_product} {ergonomic}
     bool UseLargePagesIndividualAllocation        = false                                  {pd product} {ergonomic}
     bool UseParallelGC                            = true                                      {product} {command line}

Logging:
Log output configuration:
 #0: stdout all=off uptime,level,tags foldmultilines=false
 #1: stderr all=off uptime,level,tags foldmultilines=false

Environment Variables:
JAVA_HOME=C:\jdk-21.0.5
PATH=C:\Python313\Scripts\;C:\Python313\;C:\Program Files\Common Files\Oracle\Java\javapath;C:\Program Files (x86)\Common Files\Oracle\Java\javapath;C:\WINDOWS\system32;C:\WINDOWS;C:\WINDOWS\System32\Wbem;C:\WINDOWS\System32\WindowsPowerShell\v1.0\;C:\WINDOWS\System32\OpenSSH\;C:\MinGW\bin;C:\Program Files\Git\cmd;C:\Program Files\dotnet\;C:\Program Files (x86)\Microsoft SQL Server\160\DTS\Binn\;C:\Program Files\Apache\maven\apache-maven-3.9.9\bin;C:\apache-maven-3.9.9\bin;C:\mingw64\bin;C:\ProgramData\chocolatey\bin;C:\Program Files\MySQL\MySQL Server 8.0\bin;C:\Program Files\nodejs\;C:\Users\MyBook Hype AMD\AppData\Local\pnpm;C:\Users\MyBook Hype AMD\AppData\Local\Programs\Microsoft VS Code\bin;C:\Users\MyBook Hype AMD\AppData\Local\Microsoft\WindowsApps;C:\Program Files\MySQL\MySQL Server 8.0\bin;C:\Users\MyBook Hype AMD\AppData\Roaming\npm
USERNAME=MyBook Hype AMD
OS=Windows_NT
PROCESSOR_IDENTIFIER=AMD64 Family 23 Model 104 Stepping 1, AuthenticAMD
TMP=C:\Users\MYBOOK~1\AppData\Local\Temp
TEMP=C:\Users\MYBOOK~1\AppData\Local\Temp




Periodic native trim disabled

---------------  S Y S T E M  ---------------

OS:
 Windows 11 , 64 bit Build 26100 (10.0.26100.6725)
OS uptime: 0 days 5:39 hours
Hyper-V role detected

CPU: total 12 (initial active 12) (12 cores per cpu, 2 threads per core) family 23 model 104 stepping 1 microcode 0x8608107, cx8, cmov, fxsr, ht, mmx, 3dnowpref, sse, sse2, sse3, ssse3, sse4a, sse4.1, sse4.2, popcnt, lzcnt, tsc, tscinvbit, avx, avx2, aes, clmul, bmi1, bmi2, adx, sha, fma, vzeroupper, clflush, clflushopt, hv, rdtscp, rdpid, f16c
Processor Information for the first 12 processors :
  Max Mhz: 2100, Current Mhz: 1988, Mhz Limit: 2100

Memory: 4k page, system-wide physical 7560M (402M free)
TotalPageFile size 26732M (AvailPageFile size 20M)
current process WorkingSet (physical memory assigned to process): 196M, peak: 200M
current process commit charge ("private bytes"): 325M, peak: 330M

vm_info: OpenJDK 64-Bit Server VM (21.0.8+9-LTS) for windows-amd64 JRE (21.0.8+9-LTS), built on 2025-07-15T00:00:00Z by "admin" with MS VC++ 17.7 (VS2022)

END.
